<?xml version="1.0" encoding="UTF-8"?>
<robot generator="Robot 7.1.1 (Python 3.13.0 on darwin)" generated="2024-11-25T15:15:55.783342" rpa="false" schemaversion="5">
<suite id="s1" name="Fakestore" source="/Users/bytedance/PycharmProjects/ApertureTest/test/api/service/fakestore">
<suite id="s1-s1" name="Delete Product" source="/Users/bytedance/PycharmProjects/ApertureTest/test/api/service/fakestore/delete_product.robot">
<test id="s1-s1-t1" name="Delete Product - Positive Scenario" line="6">
<kw name="Create Session" owner="RequestsLibrary">
<msg time="2024-11-25T15:15:56.176246" level="INFO">Creating Session using : alias=fakestore, url=https://fakestoreapi.com, headers={},                     cookies={}, auth=None, timeout=None, proxies=None, verify=False,                     debug=0 </msg>
<arg>fakestore</arg>
<arg>${BASE_URL}</arg>
<doc>Create Session: create a HTTP session to a server</doc>
<status status="PASS" start="2024-11-25T15:15:56.176146" elapsed="0.000349"/>
</kw>
<kw name="DELETE On Session" owner="RequestsLibrary">
<msg time="2024-11-25T15:15:57.211837" level="INFO">DELETE Request : url=https://fakestoreapi.com/products/1 
 path_url=/products/1 
 headers={'User-Agent': 'python-requests/2.32.3', 'Accept-Encoding': 'gzip, deflate', 'Accept': '*/*', 'Connection': 'keep-alive', 'Content-Length': '0'} 
 body=None 
 </msg>
<msg time="2024-11-25T15:15:57.212527" level="INFO">DELETE Response : url=https://fakestoreapi.com/products/1 
 status=200, reason=OK 
 headers={'Date': 'Mon, 25 Nov 2024 08:15:57 GMT', 'Content-Type': 'application/json; charset=utf-8', 'Transfer-Encoding': 'chunked', 'Connection': 'keep-alive', 'access-control-allow-origin': '*', 'etag': 'W/"16c-MMdrqY6N0sTiefLdsgtBej9eunY"', 'x-powered-by': 'Express', 'cf-cache-status': 'DYNAMIC', 'Report-To': '{"endpoints":[{"url":"https:\\/\\/a.nel.cloudflare.com\\/report\\/v4?s=KrFgsmzO1zY6Mfnerfp%2FMFxbdDGzmhpE0iyyH50P%2Fj1D6acs1c5XtPBceycEOpnhknlZeoDeWKKbrDwdUHUA%2BeECSMhLYOKsEBJy6uS6SuyVru9K2l%2BC8sDSED3Jwye593Kq"}],"group":"cf-nel","max_age":604800}', 'NEL': '{"success_fraction":0,"report_to":"cf-nel","max_age":604800}', 'Server': 'cloudflare', 'CF-RAY': '8e80319a6bd4df74-CGK', 'Content-Encoding': 'gzip', 'alt-svc': 'h3=":443"; ma=86400', 'server-timing': 'cfL4;desc="?proto=TCP&amp;rtt=19805&amp;sent=5&amp;recv=7&amp;lost=0&amp;retrans=0&amp;sent_bytes=2852&amp;recv_bytes=798&amp;delivery_rate=185185&amp;cwnd=252&amp;unsent_bytes=0&amp;cid=082f02fc97f33b97&amp;ts=750&amp;x=0"'} 
 body={"id":1,"title":"Fjallraven - Foldsack No. 1 Backpack, Fits 15 Laptops","price":109.95,"description":"Your perfect pack for everyday use and walks in the forest. Stash your laptop (up to 15 inches) in the padded sleeve, your everyday","category":"men's clothing","image":"https://fakestoreapi.com/img/81fPKd-2AYL._AC_SL1500_.jpg","rating":{"rate":3.9,"count":120}} 
 </msg>
<msg time="2024-11-25T15:15:57.212758" level="INFO">/Library/Frameworks/Python.framework/Versions/3.13/lib/python3.13/site-packages/urllib3/connectionpool.py:1099: InsecureRequestWarning: Unverified HTTPS request is being made to host 'fakestoreapi.com'. Adding certificate verification is strongly advised. See: https://urllib3.readthedocs.io/en/latest/advanced-usage.html#tls-warnings
  warnings.warn(</msg>
<msg time="2024-11-25T15:15:57.213068" level="INFO">${response} = &lt;Response [200]&gt;</msg>
<var>${response}</var>
<arg>fakestore</arg>
<arg>${PATH}/${VALID_PRODUCT_ID}</arg>
<doc>Sends a DELETE request on a previously created HTTP Session.</doc>
<status status="PASS" start="2024-11-25T15:15:56.176601" elapsed="1.036512"/>
</kw>
<kw name="Should Be Equal As Numbers" owner="BuiltIn">
<msg time="2024-11-25T15:15:57.214526" level="INFO">Argument types are:
&lt;class 'int'&gt;
&lt;class 'str'&gt;</msg>
<arg>${response.status_code}</arg>
<arg>200</arg>
<doc>Fails if objects are unequal after converting them to real numbers.</doc>
<status status="PASS" start="2024-11-25T15:15:57.213599" elapsed="0.001029"/>
</kw>
<kw name="Log" owner="BuiltIn">
<msg time="2024-11-25T15:15:57.215490" level="INFO">Response: {"id":1,"title":"Fjallraven - Foldsack No. 1 Backpack, Fits 15 Laptops","price":109.95,"description":"Your perfect pack for everyday use and walks in the forest. Stash your laptop (up to 15 inches) in the padded sleeve, your everyday","category":"men's clothing","image":"https://fakestoreapi.com/img/81fPKd-2AYL._AC_SL1500_.jpg","rating":{"rate":3.9,"count":120}}</msg>
<arg>Response: ${response.content}</arg>
<doc>Logs the given message with the given level.</doc>
<status status="PASS" start="2024-11-25T15:15:57.214882" elapsed="0.000672"/>
</kw>
<kw name="GET On Session" owner="RequestsLibrary">
<msg time="2024-11-25T15:15:57.466523" level="INFO">GET Request : url=https://fakestoreapi.com/products/1 
 path_url=/products/1 
 headers={'User-Agent': 'python-requests/2.32.3', 'Accept-Encoding': 'gzip, deflate', 'Accept': '*/*', 'Connection': 'keep-alive'} 
 body=None 
 </msg>
<msg time="2024-11-25T15:15:57.466935" level="INFO">GET Response : url=https://fakestoreapi.com/products/1 
 status=200, reason=OK 
 headers={'Date': 'Mon, 25 Nov 2024 08:15:57 GMT', 'Content-Type': 'application/json; charset=utf-8', 'Transfer-Encoding': 'chunked', 'Connection': 'keep-alive', 'access-control-allow-origin': '*', 'etag': 'W/"16c-MMdrqY6N0sTiefLdsgtBej9eunY"', 'x-powered-by': 'Express', 'cf-cache-status': 'DYNAMIC', 'Report-To': '{"endpoints":[{"url":"https:\\/\\/a.nel.cloudflare.com\\/report\\/v4?s=Tcwfvmd0RCWZZfNm2NXXcRTX2S96PH0obkFUnKYeBVOcHqPZs9PfDiSkEgrwyMLIbJnssx8k2VAQKsDhZcFNtuVopLCL9YyCgGAxlz40SdAKdSp7rlvBDrEil9X6hgJQ6O6d"}],"group":"cf-nel","max_age":604800}', 'NEL': '{"success_fraction":0,"report_to":"cf-nel","max_age":604800}', 'Server': 'cloudflare', 'CF-RAY': '8e80319f3a9edf74-CGK', 'Content-Encoding': 'gzip', 'alt-svc': 'h3=":443"; ma=86400', 'server-timing': 'cfL4;desc="?proto=TCP&amp;rtt=30378&amp;sent=10&amp;recv=12&amp;lost=0&amp;retrans=1&amp;sent_bytes=4605&amp;recv_bytes=977&amp;delivery_rate=185185&amp;cwnd=255&amp;unsent_bytes=0&amp;cid=082f02fc97f33b97&amp;ts=1038&amp;x=0"'} 
 body={"id":1,"title":"Fjallraven - Foldsack No. 1 Backpack, Fits 15 Laptops","price":109.95,"description":"Your perfect pack for everyday use and walks in the forest. Stash your laptop (up to 15 inches) in the padded sleeve, your everyday","category":"men's clothing","image":"https://fakestoreapi.com/img/81fPKd-2AYL._AC_SL1500_.jpg","rating":{"rate":3.9,"count":120}} 
 </msg>
<msg time="2024-11-25T15:15:57.467221" level="INFO">/Library/Frameworks/Python.framework/Versions/3.13/lib/python3.13/site-packages/urllib3/connectionpool.py:1099: InsecureRequestWarning: Unverified HTTPS request is being made to host 'fakestoreapi.com'. Adding certificate verification is strongly advised. See: https://urllib3.readthedocs.io/en/latest/advanced-usage.html#tls-warnings
  warnings.warn(</msg>
<msg time="2024-11-25T15:15:57.467983" level="INFO">${response} = &lt;Response [200]&gt;</msg>
<var>${response}</var>
<arg>fakestore</arg>
<arg>${PATH}/${VALID_PRODUCT_ID}</arg>
<doc>Sends a GET request on a previously created HTTP Session.</doc>
<status status="PASS" start="2024-11-25T15:15:57.215774" elapsed="0.252286"/>
</kw>
<kw name="Should Be Equal As Numbers" owner="BuiltIn">
<msg time="2024-11-25T15:15:57.469977" level="INFO">Argument types are:
&lt;class 'int'&gt;
&lt;class 'str'&gt;</msg>
<arg>${response.status_code}</arg>
<arg>200</arg>
<doc>Fails if objects are unequal after converting them to real numbers.</doc>
<status status="PASS" start="2024-11-25T15:15:57.468772" elapsed="0.001315"/>
</kw>
<kw name="Log" owner="BuiltIn">
<msg time="2024-11-25T15:15:57.470858" level="INFO">Product with ID 1 has been deleted.</msg>
<arg>Product with ID ${VALID_PRODUCT_ID} has been deleted.</arg>
<doc>Logs the given message with the given level.</doc>
<status status="PASS" start="2024-11-25T15:15:57.470492" elapsed="0.000457"/>
</kw>
<doc>Verify the successful deletion of an existing product.</doc>
<status status="PASS" start="2024-11-25T15:15:56.175534" elapsed="1.295750"/>
</test>
<test id="s1-s1-t2" name="Delete Product - Negative Scenario (Non-existent Product)" line="18">
<kw name="Create Session" owner="RequestsLibrary">
<msg time="2024-11-25T15:15:57.472714" level="INFO">Creating Session using : alias=fakestore, url=https://fakestoreapi.com, headers={},                     cookies={}, auth=None, timeout=None, proxies=None, verify=False,                     debug=0 </msg>
<arg>fakestore</arg>
<arg>${BASE_URL}</arg>
<doc>Create Session: create a HTTP session to a server</doc>
<status status="PASS" start="2024-11-25T15:15:57.472502" elapsed="0.000480"/>
</kw>
<kw name="DELETE On Session" owner="RequestsLibrary">
<msg time="2024-11-25T15:15:57.871714" level="INFO">DELETE Request : url=https://fakestoreapi.com/products/99999 
 path_url=/products/99999 
 headers={'User-Agent': 'python-requests/2.32.3', 'Accept-Encoding': 'gzip, deflate', 'Accept': '*/*', 'Connection': 'keep-alive', 'Content-Length': '0'} 
 body=None 
 </msg>
<msg time="2024-11-25T15:15:57.872093" level="INFO">DELETE Response : url=https://fakestoreapi.com/products/99999 
 status=200, reason=OK 
 headers={'Date': 'Mon, 25 Nov 2024 08:15:57 GMT', 'Content-Type': 'application/json; charset=utf-8', 'Content-Length': '4', 'Connection': 'keep-alive', 'access-control-allow-origin': '*', 'etag': 'W/"4-K+iMpCQsduglOsYkdIUQZQMtaDM"', 'x-powered-by': 'Express', 'cf-cache-status': 'DYNAMIC', 'Report-To': '{"endpoints":[{"url":"https:\\/\\/a.nel.cloudflare.com\\/report\\/v4?s=DjFGtchCAdWbeKxtwurMwohG36hsccThyYMEzMQFVG0t2OfQ8Z0yxbz3fYIwIaQFT6Y7DA6gI%2BfGAyYgbPDp5rOU4HqhftYI8KGfm2LnlA%2BWfBox7wMkOzCnLhMpIeRZG0kd"}],"group":"cf-nel","max_age":604800}', 'NEL': '{"success_fraction":0,"report_to":"cf-nel","max_age":604800}', 'Server': 'cloudflare', 'CF-RAY': '8e8031a12ae24aba-SIN', 'alt-svc': 'h3=":443"; ma=86400', 'server-timing': 'cfL4;desc="?proto=TCP&amp;rtt=17671&amp;min_rtt=17417&amp;rtt_var=7040&amp;sent=5&amp;recv=6&amp;lost=0&amp;retrans=0&amp;sent_bytes=2854&amp;recv_bytes=802&amp;delivery_rate=211300&amp;cwnd=243&amp;unsent_bytes=0&amp;cid=e73c307a32ed87fb&amp;ts=352&amp;x=0"'} 
 body=null 
 </msg>
<msg time="2024-11-25T15:15:57.872335" level="INFO">/Library/Frameworks/Python.framework/Versions/3.13/lib/python3.13/site-packages/urllib3/connectionpool.py:1099: InsecureRequestWarning: Unverified HTTPS request is being made to host 'fakestoreapi.com'. Adding certificate verification is strongly advised. See: https://urllib3.readthedocs.io/en/latest/advanced-usage.html#tls-warnings
  warnings.warn(</msg>
<msg time="2024-11-25T15:15:57.872971" level="INFO">${response} = &lt;Response [200]&gt;</msg>
<var>${response}</var>
<arg>fakestore</arg>
<arg>${PATH}/${INVALID_PRODUCT_ID}</arg>
<doc>Sends a DELETE request on a previously created HTTP Session.</doc>
<status status="PASS" start="2024-11-25T15:15:57.473206" elapsed="0.399817"/>
</kw>
<kw name="Should Be Equal As Numbers" owner="BuiltIn">
<msg time="2024-11-25T15:15:57.874957" level="INFO">Argument types are:
&lt;class 'int'&gt;
&lt;class 'str'&gt;</msg>
<arg>${response.status_code}</arg>
<arg>200</arg>
<doc>Fails if objects are unequal after converting them to real numbers.</doc>
<status status="PASS" start="2024-11-25T15:15:57.873663" elapsed="0.001401"/>
</kw>
<kw name="Log" owner="BuiltIn">
<msg time="2024-11-25T15:15:57.876500" level="INFO">Response: null</msg>
<arg>Response: ${response.content}</arg>
<doc>Logs the given message with the given level.</doc>
<status status="PASS" start="2024-11-25T15:15:57.875542" elapsed="0.001052"/>
</kw>
<doc>Verify error when attempting to delete a non-existent product.</doc>
<status status="PASS" start="2024-11-25T15:15:57.471710" elapsed="0.405196"/>
</test>
<status status="PASS" start="2024-11-25T15:15:55.809249" elapsed="2.068335"/>
</suite>
<suite id="s1-s2" name="Get Product" source="/Users/bytedance/PycharmProjects/ApertureTest/test/api/service/fakestore/get_product.robot">
<test id="s1-s2-t1" name="Get All Products" line="9">
<kw name="Create Session" owner="RequestsLibrary">
<msg time="2024-11-25T15:15:57.883065" level="INFO">Creating Session using : alias=fake_store, url=https://fakestoreapi.com, headers={},                     cookies={}, auth=None, timeout=None, proxies=None, verify=False,                     debug=0 </msg>
<arg>fake_store</arg>
<arg>${BASE_URL}</arg>
<doc>Create Session: create a HTTP session to a server</doc>
<status status="PASS" start="2024-11-25T15:15:57.882906" elapsed="0.000339"/>
</kw>
<kw name="GET On Session" owner="RequestsLibrary">
<msg time="2024-11-25T15:15:58.183362" level="INFO">GET Request : url=https://fakestoreapi.com/products 
 path_url=/products 
 headers={'User-Agent': 'python-requests/2.32.3', 'Accept-Encoding': 'gzip, deflate', 'Accept': '*/*', 'Connection': 'keep-alive'} 
 body=None 
 </msg>
<msg time="2024-11-25T15:15:58.183765" level="INFO">GET Response : url=https://fakestoreapi.com/products 
 status=200, reason=OK 
 headers={'Date': 'Mon, 25 Nov 2024 08:15:58 GMT', 'Content-Type': 'application/json; charset=utf-8', 'Transfer-Encoding': 'chunked', 'Connection': 'keep-alive', 'access-control-allow-origin': '*', 'etag': 'W/"297c-h+n6NsR3M51S6528jZo3BluzvtU"', 'x-powered-by': 'Express', 'cf-cache-status': 'DYNAMIC', 'Report-To': '{"endpoints":[{"url":"https:\\/\\/a.nel.cloudflare.com\\/report\\/v4?s=Pheqpq%2FRT69sXxEvP1VuSU8qCJwDOGyzTsu5fMZFGIt5xn9RjO%2FXRE9TTfkkyk7Di4xMoi4x6UglU1lnBxSrlPV7Z%2Fjnfn1kRstvaU%2FS3tcZxqno53aC8udnWRh4B6XLDH71"}],"group":"cf-nel","max_age":604800}', 'NEL': '{"success_fraction":0,"report_to":"cf-nel","max_age":604800}', 'Server': 'cloudflare', 'CF-RAY': '8e8031a3cb9ace25-SIN', 'Content-Encoding': 'gzip', 'alt-svc': 'h3=":443"; ma=86400', 'server-timing': 'cfL4;desc="?proto=TCP&amp;rtt=19451&amp;sent=5&amp;recv=6&amp;lost=0&amp;retrans=0&amp;sent_bytes=2853&amp;recv_bytes=774&amp;delivery_rate=175161&amp;cwnd=244&amp;unsent_bytes=0&amp;cid=e78d449ba2c420ec&amp;ts=248&amp;x=0"'} 
 body=[{"id":1,"title":"Fjallraven - Foldsack No. 1 Backpack, Fits 15 Laptops","price":109.95,"description":"Your perfect pack for everyday use and walks in the forest. Stash your laptop (up to 15 inches) in the padded sleeve, your everyday","category":"men's clothing","image":"https://fakestoreapi.com/img/81fPKd-2AYL._AC_SL1500_.jpg","rating":{"rate":3.9,"count":120}},{"id":2,"title":"Mens Casual Premium Slim Fit T-Shirts ","price":22.3,"description":"Slim-fitting style, contrast raglan long sleeve, three-button henley placket, light weight &amp; soft fabric for breathable and comfortable wearing. And Solid stitched shirts with round neck made for durability and a great fit for casual fashion wear and diehard baseball fans. The Henley style round neckline includes a three-button placket.","category":"men's clothing","image":"https://fakestoreapi.com/img/71-3HjGNDUL._AC_SY879._SX._UX._SY._UY_.jpg","rating":{"rate":4.1,"count":259}},{"id":3,"title":"Mens Cotton Jacket","price":55.99,"description":"great outerwear jackets for Spring/Autumn/Winter, suitable for many occasions, such as working, hiking, camping, mountain/rock climbing, cycling, traveling or other outdoors. Good gift choice for you or your family member. A warm hearted love to Father, husband or son in this thanksgiving or Christmas Day.","category":"men's clothing","image":"https://fakestoreapi.com/img/71li-ujtlUL._AC_UX679_.jpg","rating":{"rate":4.7,"count":500}},{"id":4,"title":"Mens Casual Slim Fit","price":15.99,"description":"The color could be slightly different between on the screen and in practice. / Please note that body builds vary by person, therefore, detailed size information should be reviewed below on the product description.","category":"men's clothing","image":"https://fakestoreapi.com/img/71YXzeOuslL._AC_UY879_.jpg","rating":{"rate":2.1,"count":430}},{"id":5,"title":"John Hardy Women's Legends Naga Gold &amp; Silver Dragon Station Chain Bracelet","price":695,"description":"From our Legends Collection, the Naga was inspired by the mythical water dragon that protects the ocean's pearl. Wear facing inward to be bestowed with love and abundance, or outward for protection.","category":"jewelery","image":"https://fakestoreapi.com/img/71pWzhdJNwL._AC_UL640_QL65_ML3_.jpg","rating":{"rate":4.6,"count":400}},{"id":6,"title":"Solid Gold Petite Micropave ","price":168,"description":"Satisfaction Guaranteed. Return or exchange any order within 30 days.Designed and sold by Hafeez Center in the United States. Satisfaction Guaranteed. Return or exchange any order within 30 days.","category":"jewelery","image":"https://fakestoreapi.com/img/61sbMiUnoGL._AC_UL640_QL65_ML3_.jpg","rating":{"rate":3.9,"count":70}},{"id":7,"title":"White Gold Plated Princess","price":9.99,"description":"Classic Created Wedding Engagement Solitaire Diamond Promise Ring for Her. Gifts to spoil your love more for Engagement, Wedding, Anniversary, Valentine's Day...","category":"jewelery","image":"https://fakestoreapi.com/img/71YAIFU48IL._AC_UL640_QL65_ML3_.jpg","rating":{"rate":3,"count":400}},{"id":8,"title":"Pierced Owl Rose Gold Plated Stainless Steel Double","price":10.99,"description":"Rose Gold Plated Double Flared Tunnel Plug Earrings. Made of 316L Stainless Steel","category":"jewelery","image":"https://fakestoreapi.com/img/51UDEzMJVpL._AC_UL640_QL65_ML3_.jpg","rating":{"rate":1.9,"count":100}},{"id":9,"title":"WD 2TB Elements Portable External Hard Drive - USB 3.0 ","price":64,"description":"USB 3.0 and USB 2.0 Compatibility Fast data transfers Improve PC Performance High Capacity; Compatibility Formatted NTFS for Windows 10, Windows 8.1, Windows 7; Reformatting may be required for other operating systems; Compatibility may vary depending on user’s hardware configuration and operating system","category":"electronics","image":"https://fakestoreapi.com/img/61IBBVJvSDL._AC_SY879_.jpg","rating":{"rate":3.3,"count":203}},{"id":10,"title":"SanDisk SSD PLUS 1TB Internal SSD - SATA III 6 Gb/s","price":109,"description":"Easy upgrade for faster boot up, shutdown, application load and response (As compared to 5400 RPM SATA 2.5” hard drive; Based on published specifications and internal benchmarking tests using PCMark vantage scores) Boosts burst write performance, making it ideal for typical PC workloads The perfect balance of performance and reliability Read/write speeds of up to 535MB/s/450MB/s (Based on internal testing; Performance may vary depending upon drive capacity, host device, OS and application.)","category":"electronics","image":"https://fakestoreapi.com/img/61U7T1koQqL._AC_SX679_.jpg","rating":{"rate":2.9,"count":470}},{"id":11,"title":"Silicon Power 256GB SSD 3D NAND A55 SLC Cache Performance Boost SATA III 2.5","price":109,"description":"3D NAND flash are applied to deliver high transfer speeds Remarkable transfer speeds that enable faster bootup and improved overall system performance. The advanced SLC Cache Technology allows performance boost and longer lifespan 7mm slim design suitable for Ultrabooks and Ultra-slim notebooks. Supports TRIM command, Garbage Collection technology, RAID, and ECC (Error Checking &amp; Correction) to provide the optimized performance and enhanced reliability.","category":"electronics","image":"https://fakestoreapi.com/img/71kWymZ+c+L._AC_SX679_.jpg","rating":{"rate":4.8,"count":319}},{"id":12,"title":"WD 4TB Gaming Drive Works with Playstation 4 Portable External Hard Drive","price":114,"description":"Expand your PS4 gaming experience, Play anywhere Fast and easy, setup Sleek design with high capacity, 3-year manufacturer's limited warranty","category":"electronics","image":"https://fakestoreapi.com/img/61mtL65D4cL._AC_SX679_.jpg","rating":{"rate":4.8,"count":400}},{"id":13,"title":"Acer SB220Q bi 21.5 inches Full HD (1920 x 1080) IPS Ultra-Thin","price":599,"description":"21. 5 inches Full HD (1920 x 1080) widescreen IPS display And Radeon free Sync technology. No compatibility for VESA Mount Refresh Rate: 75Hz - Using HDMI port Zero-frame design | ultra-thin | 4ms response time | IPS panel Aspect ratio - 16: 9. Color Supported - 16. 7 million colors. Brightness - 250 nit Tilt angle -5 degree to 15 degree. Horizontal viewing angle-178 degree. Vertical viewing angle-178 degree 75 hertz","category":"electronics","image":"https://fakestoreapi.com/img/81QpkIctqPL._AC_SX679_.jpg","rating":{"rate":2.9,"count":250}},{"id":14,"title":"Samsung 49-Inch CHG90 144Hz Curved Gaming Monitor (LC49HG90DMNXZA) – Super Ultrawide Screen QLED ","price":999.99,"description":"49 INCH SUPER ULTRAWIDE 32:9 CURVED GAMING MONITOR with dual 27 inch screen side by side QUANTUM DOT (QLED) TECHNOLOGY, HDR support and factory calibration provides stunningly realistic and accurate color and contrast 144HZ HIGH REFRESH RATE and 1ms ultra fast response time work to eliminate motion blur, ghosting, and reduce input lag","category":"electronics","image":"https://fakestoreapi.com/img/81Zt42ioCgL._AC_SX679_.jpg","rating":{"rate":2.2,"count":140}},{"id":15,"title":"BIYLACLESEN Women's 3-in-1 Snowboard Jacket Winter Coats","price":56.99,"description":"Note:The Jackets is US standard size, Please choose size as your usual wear Material: 100% Polyester; Detachable Liner Fabric: Warm Fleece. Detachable Functional Liner: Skin Friendly, Lightweigt and Warm.Stand Collar Liner jacket, keep you warm in cold weather. Zippered Pockets: 2 Zippered Hand Pockets, 2 Zippered Pockets on Chest (enough to keep cards or keys)and 1 Hidden Pocket Inside.Zippered Hand Pockets and Hidden Pocket keep your things secure. Humanized Design: Adjustable and Detachable Hood and Adjustable cuff to prevent the wind and water,for a comfortable fit. 3 in 1 Detachable Design provide more convenience, you can separate the coat and inner as needed, or wear it together. It is suitable for different season and help you adapt to different climates","category":"women's clothing","image":"https://fakestoreapi.com/img/51Y5NI-I5jL._AC_UX679_.jpg","rating":{"rate":2.6,"count":235}},{"id":16,"title":"Lock and Love Women's Removable Hooded Faux Leather Moto Biker Jacket","price":29.95,"description":"100% POLYURETHANE(shell) 100% POLYESTER(lining) 75% POLYESTER 25% COTTON (SWEATER), Faux leather material for style and comfort / 2 pockets of front, 2-For-One Hooded denim style faux leather jacket, Button detail on waist / Detail stitching at sides, HAND WASH ONLY / DO NOT BLEACH / LINE DRY / DO NOT IRON","category":"women's clothing","image":"https://fakestoreapi.com/img/81XH0e8fefL._AC_UY879_.jpg","rating":{"rate":2.9,"count":340}},{"id":17,"title":"Rain Jacket Women Windbreaker Striped Climbing Raincoats","price":39.99,"description":"Lightweight perfet for trip or casual wear---Long sleeve with hooded, adjustable drawstring waist design. Button and zipper front closure raincoat, fully stripes Lined and The Raincoat has 2 side pockets are a good size to hold all kinds of things, it covers the hips, and the hood is generous but doesn't overdo it.Attached Cotton Lined Hood with Adjustable Drawstrings give it a real styled look.","category":"women's clothing","image":"https://fakestoreapi.com/img/71HblAHs5xL._AC_UY879_-2.jpg","rating":{"rate":3.8,"count":679}},{"id":18,"title":"MBJ Women's Solid Short Sleeve Boat Neck V ","price":9.85,"description":"95% RAYON 5% SPANDEX, Made in USA or Imported, Do Not Bleach, Lightweight fabric with great stretch for comfort, Ribbed on sleeves and neckline / Double stitching on bottom hem","category":"women's clothing","image":"https://fakestoreapi.com/img/71z3kpMAYsL._AC_UY879_.jpg","rating":{"rate":4.7,"count":130}},{"id":19,"title":"Opna Women's Short Sleeve Moisture","price":7.95,"description":"100% Polyester, Machine wash, 100% cationic polyester interlock, Machine Wash &amp; Pre Shrunk for a Great Fit, Lightweight, roomy and highly breathable with moisture wicking fabric which helps to keep moisture away, Soft Lightweight Fabric with comfortable V-neck collar and a slimmer fit, delivers a sleek, ... (set the log level to DEBUG or TRACE to see the full content) 
 </msg>
<msg time="2024-11-25T15:15:58.184750" level="INFO">/Library/Frameworks/Python.framework/Versions/3.13/lib/python3.13/site-packages/urllib3/connectionpool.py:1099: InsecureRequestWarning: Unverified HTTPS request is being made to host 'fakestoreapi.com'. Adding certificate verification is strongly advised. See: https://urllib3.readthedocs.io/en/latest/advanced-usage.html#tls-warnings
  warnings.warn(</msg>
<msg time="2024-11-25T15:15:58.185148" level="INFO">${response} = &lt;Response [200]&gt;</msg>
<var>${response}</var>
<arg>fake_store</arg>
<arg>${PATH}</arg>
<doc>Sends a GET request on a previously created HTTP Session.</doc>
<status status="PASS" start="2024-11-25T15:15:57.883429" elapsed="0.301765"/>
</kw>
<kw name="Log" owner="BuiltIn">
<msg time="2024-11-25T15:15:58.187888" level="INFO">Response Body: [{"id":1,"title":"Fjallraven - Foldsack No. 1 Backpack, Fits 15 Laptops","price":109.95,"description":"Your perfect pack for everyday use and walks in the forest. Stash your laptop (up to 15 inches) in the padded sleeve, your everyday","category":"men's clothing","image":"https://fakestoreapi.com/img/81fPKd-2AYL._AC_SL1500_.jpg","rating":{"rate":3.9,"count":120}},{"id":2,"title":"Mens Casual Premium Slim Fit T-Shirts ","price":22.3,"description":"Slim-fitting style, contrast raglan long sleeve, three-button henley placket, light weight &amp; soft fabric for breathable and comfortable wearing. And Solid stitched shirts with round neck made for durability and a great fit for casual fashion wear and diehard baseball fans. The Henley style round neckline includes a three-button placket.","category":"men's clothing","image":"https://fakestoreapi.com/img/71-3HjGNDUL._AC_SY879._SX._UX._SY._UY_.jpg","rating":{"rate":4.1,"count":259}},{"id":3,"title":"Mens Cotton Jacket","price":55.99,"description":"great outerwear jackets for Spring/Autumn/Winter, suitable for many occasions, such as working, hiking, camping, mountain/rock climbing, cycling, traveling or other outdoors. Good gift choice for you or your family member. A warm hearted love to Father, husband or son in this thanksgiving or Christmas Day.","category":"men's clothing","image":"https://fakestoreapi.com/img/71li-ujtlUL._AC_UX679_.jpg","rating":{"rate":4.7,"count":500}},{"id":4,"title":"Mens Casual Slim Fit","price":15.99,"description":"The color could be slightly different between on the screen and in practice. / Please note that body builds vary by person, therefore, detailed size information should be reviewed below on the product description.","category":"men's clothing","image":"https://fakestoreapi.com/img/71YXzeOuslL._AC_UY879_.jpg","rating":{"rate":2.1,"count":430}},{"id":5,"title":"John Hardy Women's Legends Naga Gold &amp; Silver Dragon Station Chain Bracelet","price":695,"description":"From our Legends Collection, the Naga was inspired by the mythical water dragon that protects the ocean's pearl. Wear facing inward to be bestowed with love and abundance, or outward for protection.","category":"jewelery","image":"https://fakestoreapi.com/img/71pWzhdJNwL._AC_UL640_QL65_ML3_.jpg","rating":{"rate":4.6,"count":400}},{"id":6,"title":"Solid Gold Petite Micropave ","price":168,"description":"Satisfaction Guaranteed. Return or exchange any order within 30 days.Designed and sold by Hafeez Center in the United States. Satisfaction Guaranteed. Return or exchange any order within 30 days.","category":"jewelery","image":"https://fakestoreapi.com/img/61sbMiUnoGL._AC_UL640_QL65_ML3_.jpg","rating":{"rate":3.9,"count":70}},{"id":7,"title":"White Gold Plated Princess","price":9.99,"description":"Classic Created Wedding Engagement Solitaire Diamond Promise Ring for Her. Gifts to spoil your love more for Engagement, Wedding, Anniversary, Valentine's Day...","category":"jewelery","image":"https://fakestoreapi.com/img/71YAIFU48IL._AC_UL640_QL65_ML3_.jpg","rating":{"rate":3,"count":400}},{"id":8,"title":"Pierced Owl Rose Gold Plated Stainless Steel Double","price":10.99,"description":"Rose Gold Plated Double Flared Tunnel Plug Earrings. Made of 316L Stainless Steel","category":"jewelery","image":"https://fakestoreapi.com/img/51UDEzMJVpL._AC_UL640_QL65_ML3_.jpg","rating":{"rate":1.9,"count":100}},{"id":9,"title":"WD 2TB Elements Portable External Hard Drive - USB 3.0 ","price":64,"description":"USB 3.0 and USB 2.0 Compatibility Fast data transfers Improve PC Performance High Capacity; Compatibility Formatted NTFS for Windows 10, Windows 8.1, Windows 7; Reformatting may be required for other operating systems; Compatibility may vary depending on user’s hardware configuration and operating system","category":"electronics","image":"https://fakestoreapi.com/img/61IBBVJvSDL._AC_SY879_.jpg","rating":{"rate":3.3,"count":203}},{"id":10,"title":"SanDisk SSD PLUS 1TB Internal SSD - SATA III 6 Gb/s","price":109,"description":"Easy upgrade for faster boot up, shutdown, application load and response (As compared to 5400 RPM SATA 2.5” hard drive; Based on published specifications and internal benchmarking tests using PCMark vantage scores) Boosts burst write performance, making it ideal for typical PC workloads The perfect balance of performance and reliability Read/write speeds of up to 535MB/s/450MB/s (Based on internal testing; Performance may vary depending upon drive capacity, host device, OS and application.)","category":"electronics","image":"https://fakestoreapi.com/img/61U7T1koQqL._AC_SX679_.jpg","rating":{"rate":2.9,"count":470}},{"id":11,"title":"Silicon Power 256GB SSD 3D NAND A55 SLC Cache Performance Boost SATA III 2.5","price":109,"description":"3D NAND flash are applied to deliver high transfer speeds Remarkable transfer speeds that enable faster bootup and improved overall system performance. The advanced SLC Cache Technology allows performance boost and longer lifespan 7mm slim design suitable for Ultrabooks and Ultra-slim notebooks. Supports TRIM command, Garbage Collection technology, RAID, and ECC (Error Checking &amp; Correction) to provide the optimized performance and enhanced reliability.","category":"electronics","image":"https://fakestoreapi.com/img/71kWymZ+c+L._AC_SX679_.jpg","rating":{"rate":4.8,"count":319}},{"id":12,"title":"WD 4TB Gaming Drive Works with Playstation 4 Portable External Hard Drive","price":114,"description":"Expand your PS4 gaming experience, Play anywhere Fast and easy, setup Sleek design with high capacity, 3-year manufacturer's limited warranty","category":"electronics","image":"https://fakestoreapi.com/img/61mtL65D4cL._AC_SX679_.jpg","rating":{"rate":4.8,"count":400}},{"id":13,"title":"Acer SB220Q bi 21.5 inches Full HD (1920 x 1080) IPS Ultra-Thin","price":599,"description":"21. 5 inches Full HD (1920 x 1080) widescreen IPS display And Radeon free Sync technology. No compatibility for VESA Mount Refresh Rate: 75Hz - Using HDMI port Zero-frame design | ultra-thin | 4ms response time | IPS panel Aspect ratio - 16: 9. Color Supported - 16. 7 million colors. Brightness - 250 nit Tilt angle -5 degree to 15 degree. Horizontal viewing angle-178 degree. Vertical viewing angle-178 degree 75 hertz","category":"electronics","image":"https://fakestoreapi.com/img/81QpkIctqPL._AC_SX679_.jpg","rating":{"rate":2.9,"count":250}},{"id":14,"title":"Samsung 49-Inch CHG90 144Hz Curved Gaming Monitor (LC49HG90DMNXZA) – Super Ultrawide Screen QLED ","price":999.99,"description":"49 INCH SUPER ULTRAWIDE 32:9 CURVED GAMING MONITOR with dual 27 inch screen side by side QUANTUM DOT (QLED) TECHNOLOGY, HDR support and factory calibration provides stunningly realistic and accurate color and contrast 144HZ HIGH REFRESH RATE and 1ms ultra fast response time work to eliminate motion blur, ghosting, and reduce input lag","category":"electronics","image":"https://fakestoreapi.com/img/81Zt42ioCgL._AC_SX679_.jpg","rating":{"rate":2.2,"count":140}},{"id":15,"title":"BIYLACLESEN Women's 3-in-1 Snowboard Jacket Winter Coats","price":56.99,"description":"Note:The Jackets is US standard size, Please choose size as your usual wear Material: 100% Polyester; Detachable Liner Fabric: Warm Fleece. Detachable Functional Liner: Skin Friendly, Lightweigt and Warm.Stand Collar Liner jacket, keep you warm in cold weather. Zippered Pockets: 2 Zippered Hand Pockets, 2 Zippered Pockets on Chest (enough to keep cards or keys)and 1 Hidden Pocket Inside.Zippered Hand Pockets and Hidden Pocket keep your things secure. Humanized Design: Adjustable and Detachable Hood and Adjustable cuff to prevent the wind and water,for a comfortable fit. 3 in 1 Detachable Design provide more convenience, you can separate the coat and inner as needed, or wear it together. It is suitable for different season and help you adapt to different climates","category":"women's clothing","image":"https://fakestoreapi.com/img/51Y5NI-I5jL._AC_UX679_.jpg","rating":{"rate":2.6,"count":235}},{"id":16,"title":"Lock and Love Women's Removable Hooded Faux Leather Moto Biker Jacket","price":29.95,"description":"100% POLYURETHANE(shell) 100% POLYESTER(lining) 75% POLYESTER 25% COTTON (SWEATER), Faux leather material for style and comfort / 2 pockets of front, 2-For-One Hooded denim style faux leather jacket, Button detail on waist / Detail stitching at sides, HAND WASH ONLY / DO NOT BLEACH / LINE DRY / DO NOT IRON","category":"women's clothing","image":"https://fakestoreapi.com/img/81XH0e8fefL._AC_UY879_.jpg","rating":{"rate":2.9,"count":340}},{"id":17,"title":"Rain Jacket Women Windbreaker Striped Climbing Raincoats","price":39.99,"description":"Lightweight perfet for trip or casual wear---Long sleeve with hooded, adjustable drawstring waist design. Button and zipper front closure raincoat, fully stripes Lined and The Raincoat has 2 side pockets are a good size to hold all kinds of things, it covers the hips, and the hood is generous but doesn't overdo it.Attached Cotton Lined Hood with Adjustable Drawstrings give it a real styled look.","category":"women's clothing","image":"https://fakestoreapi.com/img/71HblAHs5xL._AC_UY879_-2.jpg","rating":{"rate":3.8,"count":679}},{"id":18,"title":"MBJ Women's Solid Short Sleeve Boat Neck V ","price":9.85,"description":"95% RAYON 5% SPANDEX, Made in USA or Imported, Do Not Bleach, Lightweight fabric with great stretch for comfort, Ribbed on sleeves and neckline / Double stitching on bottom hem","category":"women's clothing","image":"https://fakestoreapi.com/img/71z3kpMAYsL._AC_UY879_.jpg","rating":{"rate":4.7,"count":130}},{"id":19,"title":"Opna Women's Short Sleeve Moisture","price":7.95,"description":"100% Polyester, Machine wash, 100% cationic polyester interlock, Machine Wash &amp; Pre Shrunk for a Great Fit, Lightweight, roomy and highly breathable with moisture wicking fabric which helps to keep moisture away, Soft Lightweight Fabric with comfortable V-neck collar and a slimmer fit, delivers a sleek, more feminine silhouette and Added Comfort","category":"women's clothing","image":"https://fakestoreapi.com/img/51eg55uWmdL._AC_UX679_.jpg","rating":{"rate":4.5,"count":146}},{"id":20,"title":"DANVOUY Womens T Shirt Casual Cotton Short","price":12.99,"description":"95%Cotton,5%Spandex, Features: Casual, Short Sleeve, Letter Print,V-Neck,Fashion Tees, The fabric is soft and has some stretch., Occasion: Casual/Office/Beach/School/Home/Street. Season: Spring,Summer,Autumn,Winter.","category":"women's clothing","image":"https://fakestoreapi.com/img/61pHAEJ4NML._AC_UX679_.jpg","rating":{"rate":3.6,"count":145}}]</msg>
<arg>Response Body: ${response.text}</arg>
<doc>Logs the given message with the given level.</doc>
<status status="PASS" start="2024-11-25T15:15:58.185893" elapsed="0.002415"/>
</kw>
<kw name="Should Be Equal As Numbers" owner="BuiltIn">
<msg time="2024-11-25T15:15:58.189492" level="INFO">Argument types are:
&lt;class 'int'&gt;
&lt;class 'str'&gt;</msg>
<arg>${response.status_code}</arg>
<arg>200</arg>
<doc>Fails if objects are unequal after converting them to real numbers.</doc>
<status status="PASS" start="2024-11-25T15:15:58.188678" elapsed="0.000902"/>
</kw>
<kw name="Should Contain" owner="BuiltIn">
<arg>${response.text}</arg>
<arg>id</arg>
<doc>Fails if ``container`` does not contain ``item`` one or more times.</doc>
<status status="PASS" start="2024-11-25T15:15:58.189810" elapsed="0.000629"/>
</kw>
<kw name="Should Contain" owner="BuiltIn">
<arg>${response.text}</arg>
<arg>title</arg>
<doc>Fails if ``container`` does not contain ``item`` one or more times.</doc>
<status status="PASS" start="2024-11-25T15:15:58.190648" elapsed="0.000540"/>
</kw>
<doc>Test GET list products</doc>
<status status="PASS" start="2024-11-25T15:15:57.882539" elapsed="0.308816"/>
</test>
<test id="s1-s2-t2" name="Get Product By ID" line="19">
<kw name="Create Session" owner="RequestsLibrary">
<msg time="2024-11-25T15:15:58.192150" level="INFO">Creating Session using : alias=fake_store, url=https://fakestoreapi.com, headers={},                     cookies={}, auth=None, timeout=None, proxies=None, verify=False,                     debug=0 </msg>
<arg>fake_store</arg>
<arg>${BASE_URL}</arg>
<doc>Create Session: create a HTTP session to a server</doc>
<status status="PASS" start="2024-11-25T15:15:58.192007" elapsed="0.000334"/>
</kw>
<kw name="GET On Session" owner="RequestsLibrary">
<msg time="2024-11-25T15:15:58.502927" level="INFO">GET Request : url=https://fakestoreapi.com/products/20 
 path_url=/products/20 
 headers={'User-Agent': 'python-requests/2.32.3', 'Accept-Encoding': 'gzip, deflate', 'Accept': '*/*', 'Connection': 'keep-alive'} 
 body=None 
 </msg>
<msg time="2024-11-25T15:15:58.503282" level="INFO">GET Response : url=https://fakestoreapi.com/products/20 
 status=200, reason=OK 
 headers={'Date': 'Mon, 25 Nov 2024 08:15:58 GMT', 'Content-Type': 'application/json; charset=utf-8', 'Transfer-Encoding': 'chunked', 'Connection': 'keep-alive', 'access-control-allow-origin': '*', 'etag': 'W/"1b6-PbqrboFUkCt99wYzRfSWdLWy/NY"', 'x-powered-by': 'Express', 'cf-cache-status': 'DYNAMIC', 'Report-To': '{"endpoints":[{"url":"https:\\/\\/a.nel.cloudflare.com\\/report\\/v4?s=eiPzmoNbIwQ3qHM5Ru5Wl0ASHxljY%2FC1UmaGV6GNEDahSbFQaSd6x4qp%2FR6spw8PRR0CxCzxHJ%2B5%2FUQb7fseeY5p23h4Ke7G060%2FAmKMWh2CvIDgZIo7KanGpAYD51N0JyFi"}],"group":"cf-nel","max_age":604800}', 'NEL': '{"success_fraction":0,"report_to":"cf-nel","max_age":604800}', 'Server': 'cloudflare', 'CF-RAY': '8e8031a5ab65df93-CGK', 'Content-Encoding': 'gzip', 'alt-svc': 'h3=":443"; ma=86400', 'server-timing': 'cfL4;desc="?proto=TCP&amp;rtt=21326&amp;min_rtt=18912&amp;rtt_var=7483&amp;sent=5&amp;recv=7&amp;lost=0&amp;retrans=0&amp;sent_bytes=2854&amp;recv_bytes=777&amp;delivery_rate=217196&amp;cwnd=252&amp;unsent_bytes=0&amp;cid=ab722b549b1b50d7&amp;ts=260&amp;x=0"'} 
 body={"id":20,"title":"DANVOUY Womens T Shirt Casual Cotton Short","price":12.99,"description":"95%Cotton,5%Spandex, Features: Casual, Short Sleeve, Letter Print,V-Neck,Fashion Tees, The fabric is soft and has some stretch., Occasion: Casual/Office/Beach/School/Home/Street. Season: Spring,Summer,Autumn,Winter.","category":"women's clothing","image":"https://fakestoreapi.com/img/61pHAEJ4NML._AC_UX679_.jpg","rating":{"rate":3.6,"count":145}} 
 </msg>
<msg time="2024-11-25T15:15:58.503543" level="INFO">/Library/Frameworks/Python.framework/Versions/3.13/lib/python3.13/site-packages/urllib3/connectionpool.py:1099: InsecureRequestWarning: Unverified HTTPS request is being made to host 'fakestoreapi.com'. Adding certificate verification is strongly advised. See: https://urllib3.readthedocs.io/en/latest/advanced-usage.html#tls-warnings
  warnings.warn(</msg>
<msg time="2024-11-25T15:15:58.504302" level="INFO">${response} = &lt;Response [200]&gt;</msg>
<var>${response}</var>
<arg>fake_store</arg>
<arg>${PATH}/20</arg>
<doc>Sends a GET request on a previously created HTTP Session.</doc>
<status status="PASS" start="2024-11-25T15:15:58.192506" elapsed="0.311891"/>
</kw>
<kw name="Log" owner="BuiltIn">
<msg time="2024-11-25T15:15:58.508096" level="INFO">Response Body: {"id":20,"title":"DANVOUY Womens T Shirt Casual Cotton Short","price":12.99,"description":"95%Cotton,5%Spandex, Features: Casual, Short Sleeve, Letter Print,V-Neck,Fashion Tees, The fabric is soft and has some stretch., Occasion: Casual/Office/Beach/School/Home/Street. Season: Spring,Summer,Autumn,Winter.","category":"women's clothing","image":"https://fakestoreapi.com/img/61pHAEJ4NML._AC_UX679_.jpg","rating":{"rate":3.6,"count":145}}</msg>
<arg>Response Body: ${response.text}</arg>
<doc>Logs the given message with the given level.</doc>
<status status="PASS" start="2024-11-25T15:15:58.505438" elapsed="0.002757"/>
</kw>
<kw name="Should Be Equal As Numbers" owner="BuiltIn">
<msg time="2024-11-25T15:15:58.509293" level="INFO">Argument types are:
&lt;class 'int'&gt;
&lt;class 'str'&gt;</msg>
<arg>${response.status_code}</arg>
<arg>200</arg>
<doc>Fails if objects are unequal after converting them to real numbers.</doc>
<status status="PASS" start="2024-11-25T15:15:58.508651" elapsed="0.000738"/>
</kw>
<kw name="Should Contain" owner="BuiltIn">
<arg>${response.text}</arg>
<arg>id</arg>
<doc>Fails if ``container`` does not contain ``item`` one or more times.</doc>
<status status="PASS" start="2024-11-25T15:15:58.509629" elapsed="0.000884"/>
</kw>
<kw name="Should Contain" owner="BuiltIn">
<arg>${response.text}</arg>
<arg>title</arg>
<doc>Fails if ``container`` does not contain ``item`` one or more times.</doc>
<status status="PASS" start="2024-11-25T15:15:58.510841" elapsed="0.000654"/>
</kw>
<doc>Test GET products by product id</doc>
<status status="PASS" start="2024-11-25T15:15:58.191632" elapsed="0.320065"/>
</test>
<test id="s1-s2-t3" name="Get Product Invalid ID" line="29">
<kw name="Create Session" owner="RequestsLibrary">
<msg time="2024-11-25T15:15:58.512708" level="INFO">Creating Session using : alias=fake_store, url=https://fakestoreapi.com, headers={},                     cookies={}, auth=None, timeout=None, proxies=None, verify=False,                     debug=0 </msg>
<arg>fake_store</arg>
<arg>${BASE_URL}</arg>
<doc>Create Session: create a HTTP session to a server</doc>
<status status="PASS" start="2024-11-25T15:15:58.512535" elapsed="0.000383"/>
</kw>
<kw name="GET On Session" owner="RequestsLibrary">
<msg time="2024-11-25T15:15:59.189655" level="INFO">GET Request : url=https://fakestoreapi.com/products/11111 
 path_url=/products/11111 
 headers={'User-Agent': 'python-requests/2.32.3', 'Accept-Encoding': 'gzip, deflate', 'Accept': '*/*', 'Connection': 'keep-alive'} 
 body=None 
 </msg>
<msg time="2024-11-25T15:15:59.190024" level="INFO">GET Response : url=https://fakestoreapi.com/products/11111 
 status=200, reason=OK 
 headers={'Date': 'Mon, 25 Nov 2024 08:15:59 GMT', 'Content-Type': 'application/json; charset=utf-8', 'Content-Length': '0', 'Connection': 'keep-alive', 'access-control-allow-origin': '*', 'x-powered-by': 'Express', 'cf-cache-status': 'DYNAMIC', 'Report-To': '{"endpoints":[{"url":"https:\\/\\/a.nel.cloudflare.com\\/report\\/v4?s=0g0uaSQzGB80%2F5nEcw9nmLVwAFP6ytj08bokv1SRAnvJMf%2FwUvoQxxZo%2BQLvIHp9y5kbL9Yl2hcGuvuQEzX8wv6ln5Id8IXfrBMIwU8Ud1rSfyy2gO%2FyBHzTEUZ4pJg2hODS"}],"group":"cf-nel","max_age":604800}', 'NEL': '{"success_fraction":0,"report_to":"cf-nel","max_age":604800}', 'Server': 'cloudflare', 'CF-RAY': '8e8031a7a910ef70-SIN', 'alt-svc': 'h3=":443"; ma=86400', 'server-timing': 'cfL4;desc="?proto=TCP&amp;rtt=18183&amp;sent=5&amp;recv=6&amp;lost=0&amp;retrans=0&amp;sent_bytes=2853&amp;recv_bytes=780&amp;delivery_rate=221682&amp;cwnd=152&amp;unsent_bytes=0&amp;cid=055784298ee47062&amp;ts=629&amp;x=0"'} 
 body=None 
 </msg>
<msg time="2024-11-25T15:15:59.190293" level="INFO">/Library/Frameworks/Python.framework/Versions/3.13/lib/python3.13/site-packages/urllib3/connectionpool.py:1099: InsecureRequestWarning: Unverified HTTPS request is being made to host 'fakestoreapi.com'. Adding certificate verification is strongly advised. See: https://urllib3.readthedocs.io/en/latest/advanced-usage.html#tls-warnings
  warnings.warn(</msg>
<msg time="2024-11-25T15:15:59.191290" level="INFO">${response} = &lt;Response [200]&gt;</msg>
<var>${response}</var>
<arg>fake_store</arg>
<arg>${PATH}/11111</arg>
<doc>Sends a GET request on a previously created HTTP Session.</doc>
<status status="PASS" start="2024-11-25T15:15:58.513107" elapsed="0.678234"/>
</kw>
<kw name="Log" owner="BuiltIn">
<msg time="2024-11-25T15:15:59.193356" level="INFO">Response Body: </msg>
<arg>Response Body: ${response.text}</arg>
<doc>Logs the given message with the given level.</doc>
<status status="PASS" start="2024-11-25T15:15:59.192083" elapsed="0.001379"/>
</kw>
<kw name="Should Be Equal As Numbers" owner="BuiltIn">
<msg time="2024-11-25T15:15:59.194598" level="INFO">Argument types are:
&lt;class 'int'&gt;
&lt;class 'str'&gt;</msg>
<arg>${response.status_code}</arg>
<arg>200</arg>
<doc>Fails if objects are unequal after converting them to real numbers.</doc>
<status status="PASS" start="2024-11-25T15:15:59.193861" elapsed="0.000821"/>
</kw>
<kw name="Should Be Empty" owner="BuiltIn">
<msg time="2024-11-25T15:15:59.195479" level="INFO">Length is 0.</msg>
<arg>${response.text}</arg>
<doc>Verifies that the given item is empty.</doc>
<status status="PASS" start="2024-11-25T15:15:59.194907" elapsed="0.000629"/>
</kw>
<doc>Test GET products with an invalid ID (e.g., a non-existent product).</doc>
<status status="PASS" start="2024-11-25T15:15:58.512032" elapsed="0.683703"/>
</test>
<test id="s1-s2-t4" name="Get Product Non-Numeric ID" line="38">
<kw name="Create Session" owner="RequestsLibrary">
<msg time="2024-11-25T15:15:59.196714" level="INFO">Creating Session using : alias=fake_store, url=https://fakestoreapi.com, headers={},                     cookies={}, auth=None, timeout=None, proxies=None, verify=False,                     debug=0 </msg>
<arg>fake_store</arg>
<arg>${BASE_URL}</arg>
<doc>Create Session: create a HTTP session to a server</doc>
<status status="PASS" start="2024-11-25T15:15:59.196568" elapsed="0.000358"/>
</kw>
<kw name="GET On Session" owner="RequestsLibrary">
<msg time="2024-11-25T15:15:59.499025" level="INFO">GET Request : url=https://fakestoreapi.com/products/abc 
 path_url=/products/abc 
 headers={'User-Agent': 'python-requests/2.32.3', 'Accept-Encoding': 'gzip, deflate', 'Accept': '*/*', 'Connection': 'keep-alive'} 
 body=None 
 </msg>
<msg time="2024-11-25T15:15:59.499168" level="INFO">GET Response : url=https://fakestoreapi.com/products/abc 
 status=200, reason=OK 
 headers={'Date': 'Mon, 25 Nov 2024 08:15:59 GMT', 'Content-Type': 'application/json; charset=utf-8', 'Content-Length': '0', 'Connection': 'keep-alive', 'access-control-allow-origin': '*', 'x-powered-by': 'Express', 'cf-cache-status': 'DYNAMIC', 'Report-To': '{"endpoints":[{"url":"https:\\/\\/a.nel.cloudflare.com\\/report\\/v4?s=RxiWuueCZtyPzWltxJg%2Fq99WK%2BG7yl49UJI9ADP3dKte4e9bt2X5o%2F3aemdrLvzL0Jikg8zYpoH4Fqvo2ZzkMDQifu%2FyodYKF5nh4ZReBVRJqUjlq%2FpL8hwFGaGTkTKFIcWI"}],"group":"cf-nel","max_age":604800}', 'NEL': '{"success_fraction":0,"report_to":"cf-nel","max_age":604800}', 'Server': 'cloudflare', 'CF-RAY': '8e8031abffdfce65-SIN', 'alt-svc': 'h3=":443"; ma=86400', 'server-timing': 'cfL4;desc="?proto=TCP&amp;rtt=17127&amp;sent=5&amp;recv=6&amp;lost=0&amp;retrans=0&amp;sent_bytes=2853&amp;recv_bytes=778&amp;delivery_rate=247889&amp;cwnd=252&amp;unsent_bytes=0&amp;cid=8d7d09aad7f53a00&amp;ts=242&amp;x=0"'} 
 body=None 
 </msg>
<msg time="2024-11-25T15:15:59.499280" level="INFO">/Library/Frameworks/Python.framework/Versions/3.13/lib/python3.13/site-packages/urllib3/connectionpool.py:1099: InsecureRequestWarning: Unverified HTTPS request is being made to host 'fakestoreapi.com'. Adding certificate verification is strongly advised. See: https://urllib3.readthedocs.io/en/latest/advanced-usage.html#tls-warnings
  warnings.warn(</msg>
<msg time="2024-11-25T15:15:59.499573" level="INFO">${response} = &lt;Response [200]&gt;</msg>
<var>${response}</var>
<arg>fake_store</arg>
<arg>${PATH}/abc</arg>
<doc>Sends a GET request on a previously created HTTP Session.</doc>
<status status="PASS" start="2024-11-25T15:15:59.197107" elapsed="0.302497"/>
</kw>
<kw name="Log" owner="BuiltIn">
<msg time="2024-11-25T15:15:59.500667" level="INFO">Response Body: </msg>
<arg>Response Body: ${response.text}</arg>
<doc>Logs the given message with the given level.</doc>
<status status="PASS" start="2024-11-25T15:15:59.499935" elapsed="0.000780"/>
</kw>
<kw name="Should Be Equal As Numbers" owner="BuiltIn">
<msg time="2024-11-25T15:15:59.501336" level="INFO">Argument types are:
&lt;class 'int'&gt;
&lt;class 'str'&gt;</msg>
<arg>${response.status_code}</arg>
<arg>200</arg>
<doc>Fails if objects are unequal after converting them to real numbers.</doc>
<status status="PASS" start="2024-11-25T15:15:59.500889" elapsed="0.000508"/>
</kw>
<kw name="Should Be Empty" owner="BuiltIn">
<msg time="2024-11-25T15:15:59.501971" level="INFO">Length is 0.</msg>
<arg>${response.text}</arg>
<doc>Verifies that the given item is empty.</doc>
<status status="PASS" start="2024-11-25T15:15:59.501552" elapsed="0.000461"/>
</kw>
<doc>Test GET products with a non-numeric ID.</doc>
<status status="PASS" start="2024-11-25T15:15:59.196088" elapsed="0.306074"/>
</test>
<doc>Test suite for GET products info</doc>
<status status="PASS" start="2024-11-25T15:15:57.878294" elapsed="1.624235"/>
</suite>
<suite id="s1-s3" name="Get Product Category" source="/Users/bytedance/PycharmProjects/ApertureTest/test/api/service/fakestore/get_product_category.robot">
<test id="s1-s3-t1" name="Get Product Categories - Positive Test" line="7">
<kw name="Create Session" owner="RequestsLibrary">
<msg time="2024-11-25T15:15:59.507157" level="INFO">Creating Session using : alias=fake_store_session, url=https://fakestoreapi.com, headers={},                     cookies={}, auth=None, timeout=None, proxies=None, verify=False,                     debug=0 </msg>
<arg>fake_store_session</arg>
<arg>${BASE_URL}</arg>
<doc>Create Session: create a HTTP session to a server</doc>
<status status="PASS" start="2024-11-25T15:15:59.507036" elapsed="0.000253"/>
</kw>
<kw name="GET On Session" owner="RequestsLibrary">
<msg time="2024-11-25T15:16:00.206269" level="INFO">GET Request : url=https://fakestoreapi.com/products/categories 
 path_url=/products/categories 
 headers={'User-Agent': 'python-requests/2.32.3', 'Accept-Encoding': 'gzip, deflate', 'Accept': '*/*', 'Connection': 'keep-alive'} 
 body=None 
 </msg>
<msg time="2024-11-25T15:16:00.206682" level="INFO">GET Response : url=https://fakestoreapi.com/products/categories 
 status=200, reason=OK 
 headers={'Date': 'Mon, 25 Nov 2024 08:16:00 GMT', 'Content-Type': 'application/json; charset=utf-8', 'Transfer-Encoding': 'chunked', 'Connection': 'keep-alive', 'access-control-allow-origin': '*', 'etag': 'W/"3e-cdq81BKoKIRIQmboBVN84Vj+vkM"', 'x-powered-by': 'Express', 'cf-cache-status': 'DYNAMIC', 'Report-To': '{"endpoints":[{"url":"https:\\/\\/a.nel.cloudflare.com\\/report\\/v4?s=42JwGcvWkgkHdd3W5UESQF18cKnjWTcCWftatQKYNAyYoBNorpNK6GtHHZqjywLf2ez5gWcxaX55netFWGQXQXSByXtTyAodEsf9nmM5iLWqeO8wkWfM1qOqrQZ3JK7XRkws"}],"group":"cf-nel","max_age":604800}', 'NEL': '{"success_fraction":0,"report_to":"cf-nel","max_age":604800}', 'Server': 'cloudflare', 'CF-RAY': '8e8031addce1df93-CGK', 'Content-Encoding': 'gzip', 'alt-svc': 'h3=":443"; ma=86400', 'server-timing': 'cfL4;desc="?proto=TCP&amp;rtt=18171&amp;min_rtt=18083&amp;rtt_var=6958&amp;sent=5&amp;recv=6&amp;lost=0&amp;retrans=0&amp;sent_bytes=2852&amp;recv_bytes=785&amp;delivery_rate=218698&amp;cwnd=252&amp;unsent_bytes=0&amp;cid=f90066f87505eaa0&amp;ts=649&amp;x=0"'} 
 body=["electronics","jewelery","men's clothing","women's clothing"] 
 </msg>
<msg time="2024-11-25T15:16:00.206869" level="INFO">/Library/Frameworks/Python.framework/Versions/3.13/lib/python3.13/site-packages/urllib3/connectionpool.py:1099: InsecureRequestWarning: Unverified HTTPS request is being made to host 'fakestoreapi.com'. Adding certificate verification is strongly advised. See: https://urllib3.readthedocs.io/en/latest/advanced-usage.html#tls-warnings
  warnings.warn(</msg>
<msg time="2024-11-25T15:16:00.207719" level="INFO">${response} = &lt;Response [200]&gt;</msg>
<var>${response}</var>
<arg>fake_store_session</arg>
<arg>${ENDPOINT_CATEGORY}</arg>
<doc>Sends a GET request on a previously created HTTP Session.</doc>
<status status="PASS" start="2024-11-25T15:15:59.507433" elapsed="0.700360"/>
</kw>
<kw name="Should Be Equal As Integers" owner="BuiltIn">
<msg time="2024-11-25T15:16:00.209898" level="INFO">Argument types are:
&lt;class 'int'&gt;
&lt;class 'str'&gt;</msg>
<arg>${response.status_code}</arg>
<arg>200</arg>
<doc>Fails if objects are unequal after converting them to integers.</doc>
<status status="PASS" start="2024-11-25T15:16:00.208792" elapsed="0.001218"/>
</kw>
<kw name="Log To Console" owner="BuiltIn">
<arg>Response Body: ${response.json()}</arg>
<doc>Logs the given message to the console.</doc>
<status status="PASS" start="2024-11-25T15:16:00.210369" elapsed="0.000749"/>
</kw>
<kw name="Convert To List" owner="Collections">
<msg time="2024-11-25T15:16:00.211947" level="INFO">${categories} = ['electronics', 'jewelery', "men's clothing", "women's clothing"]</msg>
<var>${categories}</var>
<arg>${response.json()}</arg>
<doc>Converts the given ``item`` to a Python ``list`` type.</doc>
<status status="PASS" start="2024-11-25T15:16:00.211332" elapsed="0.000652"/>
</kw>
<kw name="Log To Console" owner="BuiltIn">
<arg>Categories: ${categories}</arg>
<doc>Logs the given message to the console.</doc>
<status status="PASS" start="2024-11-25T15:16:00.212187" elapsed="0.000203"/>
</kw>
<kw name="Should Contain" owner="BuiltIn">
<arg>${categories}</arg>
<arg>electronics</arg>
<doc>Fails if ``container`` does not contain ``item`` one or more times.</doc>
<status status="PASS" start="2024-11-25T15:16:00.212572" elapsed="0.000159"/>
</kw>
<kw name="Should Contain" owner="BuiltIn">
<arg>${categories}</arg>
<arg>jewelery</arg>
<doc>Fails if ``container`` does not contain ``item`` one or more times.</doc>
<status status="PASS" start="2024-11-25T15:16:00.212907" elapsed="0.000143"/>
</kw>
<doc>Verify that the GET /products/categories endpoint returns
a valid response with an expected status code and structure.</doc>
<status status="PASS" start="2024-11-25T15:15:59.506584" elapsed="0.706661"/>
</test>
<test id="s1-s3-t2" name="Get Product Categories - Negative Test" line="20">
<kw name="Create Session" owner="RequestsLibrary">
<msg time="2024-11-25T15:16:00.214192" level="INFO">Creating Session using : alias=fake_store_session, url=https://fakestoreapi.com, headers={},                     cookies={}, auth=None, timeout=None, proxies=None, verify=False,                     debug=0 </msg>
<arg>fake_store_session</arg>
<arg>${BASE_URL}</arg>
<doc>Create Session: create a HTTP session to a server</doc>
<status status="PASS" start="2024-11-25T15:16:00.214028" elapsed="0.000366"/>
</kw>
<kw name="GET On Session" owner="RequestsLibrary">
<msg time="2024-11-25T15:16:00.867138" level="INFO">GET Request : url=https://fakestoreapi.com/products/categories 
 path_url=/products/categories 
 headers={'User-Agent': 'python-requests/2.32.3', 'Accept-Encoding': 'gzip, deflate', 'Accept': '*/*', 'Connection': 'keep-alive'} 
 body=None 
 </msg>
<msg time="2024-11-25T15:16:00.867515" level="INFO">GET Response : url=https://fakestoreapi.com/products/categories 
 status=200, reason=OK 
 headers={'Date': 'Mon, 25 Nov 2024 08:16:00 GMT', 'Content-Type': 'application/json; charset=utf-8', 'Transfer-Encoding': 'chunked', 'Connection': 'keep-alive', 'access-control-allow-origin': '*', 'etag': 'W/"3e-cdq81BKoKIRIQmboBVN84Vj+vkM"', 'x-powered-by': 'Express', 'cf-cache-status': 'DYNAMIC', 'Report-To': '{"endpoints":[{"url":"https:\\/\\/a.nel.cloudflare.com\\/report\\/v4?s=N%2Bfl%2FT0mHkOc1GY3vfBSQlxYEw1N90N%2FHIg70XQENysmfG8iGJF6Ik%2FxmrzHqupQn32GGwv9fbEX24WUR5nkwamHy%2B6sYoAQL1J%2F%2B%2Bpi4ZOOxxEr6cPaDO9lFCeyewtOtQQ2"}],"group":"cf-nel","max_age":604800}', 'NEL': '{"success_fraction":0,"report_to":"cf-nel","max_age":604800}', 'Server': 'cloudflare', 'CF-RAY': '8e8031b2685f3ddb-SIN', 'Content-Encoding': 'gzip', 'alt-svc': 'h3=":443"; ma=86400', 'server-timing': 'cfL4;desc="?proto=TCP&amp;rtt=23525&amp;sent=5&amp;recv=6&amp;lost=0&amp;retrans=0&amp;sent_bytes=2853&amp;recv_bytes=785&amp;delivery_rate=170137&amp;cwnd=252&amp;unsent_bytes=0&amp;cid=9438c5ae9f34e774&amp;ts=596&amp;x=0"'} 
 body=["electronics","jewelery","men's clothing","women's clothing"] 
 </msg>
<msg time="2024-11-25T15:16:00.867778" level="INFO">/Library/Frameworks/Python.framework/Versions/3.13/lib/python3.13/site-packages/urllib3/connectionpool.py:1099: InsecureRequestWarning: Unverified HTTPS request is being made to host 'fakestoreapi.com'. Adding certificate verification is strongly advised. See: https://urllib3.readthedocs.io/en/latest/advanced-usage.html#tls-warnings
  warnings.warn(</msg>
<msg time="2024-11-25T15:16:00.868459" level="INFO">${response} = &lt;Response [200]&gt;</msg>
<var>${response}</var>
<arg>fake_store_session</arg>
<arg>${ENDPOINT_CATEGORY}</arg>
<doc>Sends a GET request on a previously created HTTP Session.</doc>
<status status="PASS" start="2024-11-25T15:16:00.214582" elapsed="0.653947"/>
</kw>
<kw name="Should Be Equal As Integers" owner="BuiltIn">
<msg time="2024-11-25T15:16:00.870599" level="INFO">Argument types are:
&lt;class 'int'&gt;
&lt;class 'str'&gt;</msg>
<arg>${response.status_code}</arg>
<arg>200</arg>
<doc>Fails if objects are unequal after converting them to integers.</doc>
<status status="PASS" start="2024-11-25T15:16:00.869339" elapsed="0.001389"/>
</kw>
<kw name="Log To Console" owner="BuiltIn">
<arg>Response Body: ${response.json()}</arg>
<doc>Logs the given message to the console.</doc>
<status status="PASS" start="2024-11-25T15:16:00.871110" elapsed="0.000754"/>
</kw>
<kw name="Convert To List" owner="Collections">
<msg time="2024-11-25T15:16:00.872672" level="INFO">${categories} = ['electronics', 'jewelery', "men's clothing", "women's clothing"]</msg>
<var>${categories}</var>
<arg>${response.json()}</arg>
<doc>Converts the given ``item`` to a Python ``list`` type.</doc>
<status status="PASS" start="2024-11-25T15:16:00.872078" elapsed="0.000629"/>
</kw>
<kw name="Log To Console" owner="BuiltIn">
<arg>Categories: ${categories}</arg>
<doc>Logs the given message to the console.</doc>
<status status="PASS" start="2024-11-25T15:16:00.872891" elapsed="0.000191"/>
</kw>
<kw name="Should Not Contain" owner="BuiltIn">
<arg>${categories}</arg>
<arg>Car</arg>
<doc>Fails if ``container`` contains ``item`` one or more times.</doc>
<status status="PASS" start="2024-11-25T15:16:00.873260" elapsed="0.000150"/>
</kw>
<kw name="Should Not Contain" owner="BuiltIn">
<arg>${categories}</arg>
<arg>Motorcycle</arg>
<doc>Fails if ``container`` contains ``item`` one or more times.</doc>
<status status="PASS" start="2024-11-25T15:16:00.873569" elapsed="0.000148"/>
</kw>
<status status="PASS" start="2024-11-25T15:16:00.213592" elapsed="0.660315"/>
</test>
<status status="PASS" start="2024-11-25T15:15:59.503077" elapsed="1.371279"/>
</suite>
<suite id="s1-s4" name="Get Product Variant" source="/Users/bytedance/PycharmProjects/ApertureTest/test/api/service/fakestore/get_product_variant.robot">
<test id="s1-s4-t1" name="Test Get Products Sorted Descending" line="6">
<kw name="Create Session" owner="RequestsLibrary">
<msg time="2024-11-25T15:16:00.879757" level="INFO">Creating Session using : alias=fakestoreapi, url=https://fakestoreapi.com, headers={},                     cookies={}, auth=None, timeout=None, proxies=None, verify=False,                     debug=0 </msg>
<arg>fakestoreapi</arg>
<arg>${BASE_URL}</arg>
<doc>Create Session: create a HTTP session to a server</doc>
<status status="PASS" start="2024-11-25T15:16:00.879610" elapsed="0.000330"/>
</kw>
<kw name="GET On Session" owner="RequestsLibrary">
<msg time="2024-11-25T15:16:01.186963" level="INFO">GET Request : url=https://fakestoreapi.com/products?sort=desc 
 path_url=/products?sort=desc 
 headers={'User-Agent': 'python-requests/2.32.3', 'Accept-Encoding': 'gzip, deflate', 'Accept': '*/*', 'Connection': 'keep-alive'} 
 body=None 
 </msg>
<msg time="2024-11-25T15:16:01.187471" level="INFO">GET Response : url=https://fakestoreapi.com/products?sort=desc 
 status=200, reason=OK 
 headers={'Date': 'Mon, 25 Nov 2024 08:16:01 GMT', 'Content-Type': 'application/json; charset=utf-8', 'Transfer-Encoding': 'chunked', 'Connection': 'keep-alive', 'access-control-allow-origin': '*', 'etag': 'W/"297c-kgtAqsPV+9MMR0dzy4sqhhSyR9Q"', 'x-powered-by': 'Express', 'cf-cache-status': 'DYNAMIC', 'Report-To': '{"endpoints":[{"url":"https:\\/\\/a.nel.cloudflare.com\\/report\\/v4?s=KmMHCRamMI%2FI8f%2B5Lyr%2Fz8zC1QI5pyDK8CBRYx%2F4pHVtE%2FnHS0ODthkUIgU366QeqQy3bJMPvyWEWOaEV%2FBpoQW8z2L52OjnDBNG5qLSE%2FIQ9hnq5Fg5hb1mn58ZHQeWJyex"}],"group":"cf-nel","max_age":604800}', 'NEL': '{"success_fraction":0,"report_to":"cf-nel","max_age":604800}', 'Server': 'cloudflare', 'CF-RAY': '8e8031b67db0ce8d-SIN', 'Content-Encoding': 'gzip', 'alt-svc': 'h3=":443"; ma=86400', 'server-timing': 'cfL4;desc="?proto=TCP&amp;rtt=20142&amp;sent=5&amp;recv=6&amp;lost=0&amp;retrans=0&amp;sent_bytes=2853&amp;recv_bytes=784&amp;delivery_rate=199893&amp;cwnd=244&amp;unsent_bytes=0&amp;cid=d9a50cfc871a693f&amp;ts=258&amp;x=0"'} 
 body=[{"id":20,"title":"DANVOUY Womens T Shirt Casual Cotton Short","price":12.99,"description":"95%Cotton,5%Spandex, Features: Casual, Short Sleeve, Letter Print,V-Neck,Fashion Tees, The fabric is soft and has some stretch., Occasion: Casual/Office/Beach/School/Home/Street. Season: Spring,Summer,Autumn,Winter.","category":"women's clothing","image":"https://fakestoreapi.com/img/61pHAEJ4NML._AC_UX679_.jpg","rating":{"rate":3.6,"count":145}},{"id":19,"title":"Opna Women's Short Sleeve Moisture","price":7.95,"description":"100% Polyester, Machine wash, 100% cationic polyester interlock, Machine Wash &amp; Pre Shrunk for a Great Fit, Lightweight, roomy and highly breathable with moisture wicking fabric which helps to keep moisture away, Soft Lightweight Fabric with comfortable V-neck collar and a slimmer fit, delivers a sleek, more feminine silhouette and Added Comfort","category":"women's clothing","image":"https://fakestoreapi.com/img/51eg55uWmdL._AC_UX679_.jpg","rating":{"rate":4.5,"count":146}},{"id":18,"title":"MBJ Women's Solid Short Sleeve Boat Neck V ","price":9.85,"description":"95% RAYON 5% SPANDEX, Made in USA or Imported, Do Not Bleach, Lightweight fabric with great stretch for comfort, Ribbed on sleeves and neckline / Double stitching on bottom hem","category":"women's clothing","image":"https://fakestoreapi.com/img/71z3kpMAYsL._AC_UY879_.jpg","rating":{"rate":4.7,"count":130}},{"id":17,"title":"Rain Jacket Women Windbreaker Striped Climbing Raincoats","price":39.99,"description":"Lightweight perfet for trip or casual wear---Long sleeve with hooded, adjustable drawstring waist design. Button and zipper front closure raincoat, fully stripes Lined and The Raincoat has 2 side pockets are a good size to hold all kinds of things, it covers the hips, and the hood is generous but doesn't overdo it.Attached Cotton Lined Hood with Adjustable Drawstrings give it a real styled look.","category":"women's clothing","image":"https://fakestoreapi.com/img/71HblAHs5xL._AC_UY879_-2.jpg","rating":{"rate":3.8,"count":679}},{"id":16,"title":"Lock and Love Women's Removable Hooded Faux Leather Moto Biker Jacket","price":29.95,"description":"100% POLYURETHANE(shell) 100% POLYESTER(lining) 75% POLYESTER 25% COTTON (SWEATER), Faux leather material for style and comfort / 2 pockets of front, 2-For-One Hooded denim style faux leather jacket, Button detail on waist / Detail stitching at sides, HAND WASH ONLY / DO NOT BLEACH / LINE DRY / DO NOT IRON","category":"women's clothing","image":"https://fakestoreapi.com/img/81XH0e8fefL._AC_UY879_.jpg","rating":{"rate":2.9,"count":340}},{"id":15,"title":"BIYLACLESEN Women's 3-in-1 Snowboard Jacket Winter Coats","price":56.99,"description":"Note:The Jackets is US standard size, Please choose size as your usual wear Material: 100% Polyester; Detachable Liner Fabric: Warm Fleece. Detachable Functional Liner: Skin Friendly, Lightweigt and Warm.Stand Collar Liner jacket, keep you warm in cold weather. Zippered Pockets: 2 Zippered Hand Pockets, 2 Zippered Pockets on Chest (enough to keep cards or keys)and 1 Hidden Pocket Inside.Zippered Hand Pockets and Hidden Pocket keep your things secure. Humanized Design: Adjustable and Detachable Hood and Adjustable cuff to prevent the wind and water,for a comfortable fit. 3 in 1 Detachable Design provide more convenience, you can separate the coat and inner as needed, or wear it together. It is suitable for different season and help you adapt to different climates","category":"women's clothing","image":"https://fakestoreapi.com/img/51Y5NI-I5jL._AC_UX679_.jpg","rating":{"rate":2.6,"count":235}},{"id":14,"title":"Samsung 49-Inch CHG90 144Hz Curved Gaming Monitor (LC49HG90DMNXZA) – Super Ultrawide Screen QLED ","price":999.99,"description":"49 INCH SUPER ULTRAWIDE 32:9 CURVED GAMING MONITOR with dual 27 inch screen side by side QUANTUM DOT (QLED) TECHNOLOGY, HDR support and factory calibration provides stunningly realistic and accurate color and contrast 144HZ HIGH REFRESH RATE and 1ms ultra fast response time work to eliminate motion blur, ghosting, and reduce input lag","category":"electronics","image":"https://fakestoreapi.com/img/81Zt42ioCgL._AC_SX679_.jpg","rating":{"rate":2.2,"count":140}},{"id":13,"title":"Acer SB220Q bi 21.5 inches Full HD (1920 x 1080) IPS Ultra-Thin","price":599,"description":"21. 5 inches Full HD (1920 x 1080) widescreen IPS display And Radeon free Sync technology. No compatibility for VESA Mount Refresh Rate: 75Hz - Using HDMI port Zero-frame design | ultra-thin | 4ms response time | IPS panel Aspect ratio - 16: 9. Color Supported - 16. 7 million colors. Brightness - 250 nit Tilt angle -5 degree to 15 degree. Horizontal viewing angle-178 degree. Vertical viewing angle-178 degree 75 hertz","category":"electronics","image":"https://fakestoreapi.com/img/81QpkIctqPL._AC_SX679_.jpg","rating":{"rate":2.9,"count":250}},{"id":12,"title":"WD 4TB Gaming Drive Works with Playstation 4 Portable External Hard Drive","price":114,"description":"Expand your PS4 gaming experience, Play anywhere Fast and easy, setup Sleek design with high capacity, 3-year manufacturer's limited warranty","category":"electronics","image":"https://fakestoreapi.com/img/61mtL65D4cL._AC_SX679_.jpg","rating":{"rate":4.8,"count":400}},{"id":11,"title":"Silicon Power 256GB SSD 3D NAND A55 SLC Cache Performance Boost SATA III 2.5","price":109,"description":"3D NAND flash are applied to deliver high transfer speeds Remarkable transfer speeds that enable faster bootup and improved overall system performance. The advanced SLC Cache Technology allows performance boost and longer lifespan 7mm slim design suitable for Ultrabooks and Ultra-slim notebooks. Supports TRIM command, Garbage Collection technology, RAID, and ECC (Error Checking &amp; Correction) to provide the optimized performance and enhanced reliability.","category":"electronics","image":"https://fakestoreapi.com/img/71kWymZ+c+L._AC_SX679_.jpg","rating":{"rate":4.8,"count":319}},{"id":10,"title":"SanDisk SSD PLUS 1TB Internal SSD - SATA III 6 Gb/s","price":109,"description":"Easy upgrade for faster boot up, shutdown, application load and response (As compared to 5400 RPM SATA 2.5” hard drive; Based on published specifications and internal benchmarking tests using PCMark vantage scores) Boosts burst write performance, making it ideal for typical PC workloads The perfect balance of performance and reliability Read/write speeds of up to 535MB/s/450MB/s (Based on internal testing; Performance may vary depending upon drive capacity, host device, OS and application.)","category":"electronics","image":"https://fakestoreapi.com/img/61U7T1koQqL._AC_SX679_.jpg","rating":{"rate":2.9,"count":470}},{"id":9,"title":"WD 2TB Elements Portable External Hard Drive - USB 3.0 ","price":64,"description":"USB 3.0 and USB 2.0 Compatibility Fast data transfers Improve PC Performance High Capacity; Compatibility Formatted NTFS for Windows 10, Windows 8.1, Windows 7; Reformatting may be required for other operating systems; Compatibility may vary depending on user’s hardware configuration and operating system","category":"electronics","image":"https://fakestoreapi.com/img/61IBBVJvSDL._AC_SY879_.jpg","rating":{"rate":3.3,"count":203}},{"id":8,"title":"Pierced Owl Rose Gold Plated Stainless Steel Double","price":10.99,"description":"Rose Gold Plated Double Flared Tunnel Plug Earrings. Made of 316L Stainless Steel","category":"jewelery","image":"https://fakestoreapi.com/img/51UDEzMJVpL._AC_UL640_QL65_ML3_.jpg","rating":{"rate":1.9,"count":100}},{"id":7,"title":"White Gold Plated Princess","price":9.99,"description":"Classic Created Wedding Engagement Solitaire Diamond Promise Ring for Her. Gifts to spoil your love more for Engagement, Wedding, Anniversary, Valentine's Day...","category":"jewelery","image":"https://fakestoreapi.com/img/71YAIFU48IL._AC_UL640_QL65_ML3_.jpg","rating":{"rate":3,"count":400}},{"id":6,"title":"Solid Gold Petite Micropave ","price":168,"description":"Satisfaction Guaranteed. Return or exchange any order within 30 days.Designed and sold by Hafeez Center in the United States. Satisfaction Guaranteed. Return or exchange any order within 30 days.","category":"jewelery","image":"https://fakestoreapi.com/img/61sbMiUnoGL._AC_UL640_QL65_ML3_.jpg","rating":{"rate":3.9,"count":70}},{"id":5,"title":"John Hardy Women's Legends Naga Gold &amp; Silver Dragon Station Chain Bracelet","price":695,"description":"From our Legends Collection, the Naga was inspired by the mythical water dragon that protects the ocean's pearl. Wear facing inward to be bestowed with love and abundance, or outward for protection.","category":"jewelery","image":"https://fakestoreapi.com/img/71pWzhdJNwL._AC_UL640_QL65_ML3_.jpg","rating":{"rate":4.6,"count":400}},{"id":4,"title":"Mens Casual Slim Fit","price":15.99,"description":"The color could be slightly different between on the screen and in practice. / Please note that body builds vary by person, therefore, detailed size information should be reviewed below on the product description.","category":"men's clothing","image":"https://fakestoreapi.com/img/71YXzeOuslL._AC_UY879_.jpg","rating":{"rate":2.1,"count":430}},{"id":3,"title":"Mens Cotton Jacket","price":55.99,"description":"great outerwear jackets for Spring/Autumn/Winter, suitable for many occasions, such as working, hiking, camping, mountain/rock climbing, cycling, traveling or other outdoors. Good gift choice for you or your family member. A warm hearted love to Father, husband or son in this thanksgiving or Christmas Day.","category":"men's clothing","image":"https://fakestoreapi.com/img/71li-ujtlUL._AC_UX679_.jpg","rating":{"rate":4.7,"count":500}},{"id":2,"title":"Mens Casual Premium Slim Fit T-Shirts ","price":22.3,"description":"Slim-fitting style, contrast raglan long sleeve, three-button henley placket, light weight &amp; soft fabric for breathable and comfortable wearing. And Solid stitched shirts with round neck made for durability and a great fit for casual fa... (set the log level to DEBUG or TRACE to see the full content) 
 </msg>
<msg time="2024-11-25T15:16:01.188314" level="INFO">/Library/Frameworks/Python.framework/Versions/3.13/lib/python3.13/site-packages/urllib3/connectionpool.py:1099: InsecureRequestWarning: Unverified HTTPS request is being made to host 'fakestoreapi.com'. Adding certificate verification is strongly advised. See: https://urllib3.readthedocs.io/en/latest/advanced-usage.html#tls-warnings
  warnings.warn(</msg>
<msg time="2024-11-25T15:16:01.188655" level="INFO">${response} = &lt;Response [200]&gt;</msg>
<var>${response}</var>
<arg>fakestoreapi</arg>
<arg>${PATH}</arg>
<arg>${DESC}</arg>
<doc>Sends a GET request on a previously created HTTP Session.</doc>
<status status="PASS" start="2024-11-25T15:16:00.880118" elapsed="0.308598"/>
</kw>
<kw name="Should Be Equal As Numbers" owner="BuiltIn">
<msg time="2024-11-25T15:16:01.190345" level="INFO">Argument types are:
&lt;class 'int'&gt;
&lt;class 'str'&gt;</msg>
<arg>${response.status_code}</arg>
<arg>200</arg>
<doc>Fails if objects are unequal after converting them to real numbers.</doc>
<status status="PASS" start="2024-11-25T15:16:01.189377" elapsed="0.001087"/>
</kw>
<kw name="Log" owner="BuiltIn">
<msg time="2024-11-25T15:16:01.191450" level="INFO">[{"id":20,"title":"DANVOUY Womens T Shirt Casual Cotton Short","price":12.99,"description":"95%Cotton,5%Spandex, Features: Casual, Short Sleeve, Letter Print,V-Neck,Fashion Tees, The fabric is soft and has some stretch., Occasion: Casual/Office/Beach/School/Home/Street. Season: Spring,Summer,Autumn,Winter.","category":"women's clothing","image":"https://fakestoreapi.com/img/61pHAEJ4NML._AC_UX679_.jpg","rating":{"rate":3.6,"count":145}},{"id":19,"title":"Opna Women's Short Sleeve Moisture","price":7.95,"description":"100% Polyester, Machine wash, 100% cationic polyester interlock, Machine Wash &amp; Pre Shrunk for a Great Fit, Lightweight, roomy and highly breathable with moisture wicking fabric which helps to keep moisture away, Soft Lightweight Fabric with comfortable V-neck collar and a slimmer fit, delivers a sleek, more feminine silhouette and Added Comfort","category":"women's clothing","image":"https://fakestoreapi.com/img/51eg55uWmdL._AC_UX679_.jpg","rating":{"rate":4.5,"count":146}},{"id":18,"title":"MBJ Women's Solid Short Sleeve Boat Neck V ","price":9.85,"description":"95% RAYON 5% SPANDEX, Made in USA or Imported, Do Not Bleach, Lightweight fabric with great stretch for comfort, Ribbed on sleeves and neckline / Double stitching on bottom hem","category":"women's clothing","image":"https://fakestoreapi.com/img/71z3kpMAYsL._AC_UY879_.jpg","rating":{"rate":4.7,"count":130}},{"id":17,"title":"Rain Jacket Women Windbreaker Striped Climbing Raincoats","price":39.99,"description":"Lightweight perfet for trip or casual wear---Long sleeve with hooded, adjustable drawstring waist design. Button and zipper front closure raincoat, fully stripes Lined and The Raincoat has 2 side pockets are a good size to hold all kinds of things, it covers the hips, and the hood is generous but doesn't overdo it.Attached Cotton Lined Hood with Adjustable Drawstrings give it a real styled look.","category":"women's clothing","image":"https://fakestoreapi.com/img/71HblAHs5xL._AC_UY879_-2.jpg","rating":{"rate":3.8,"count":679}},{"id":16,"title":"Lock and Love Women's Removable Hooded Faux Leather Moto Biker Jacket","price":29.95,"description":"100% POLYURETHANE(shell) 100% POLYESTER(lining) 75% POLYESTER 25% COTTON (SWEATER), Faux leather material for style and comfort / 2 pockets of front, 2-For-One Hooded denim style faux leather jacket, Button detail on waist / Detail stitching at sides, HAND WASH ONLY / DO NOT BLEACH / LINE DRY / DO NOT IRON","category":"women's clothing","image":"https://fakestoreapi.com/img/81XH0e8fefL._AC_UY879_.jpg","rating":{"rate":2.9,"count":340}},{"id":15,"title":"BIYLACLESEN Women's 3-in-1 Snowboard Jacket Winter Coats","price":56.99,"description":"Note:The Jackets is US standard size, Please choose size as your usual wear Material: 100% Polyester; Detachable Liner Fabric: Warm Fleece. Detachable Functional Liner: Skin Friendly, Lightweigt and Warm.Stand Collar Liner jacket, keep you warm in cold weather. Zippered Pockets: 2 Zippered Hand Pockets, 2 Zippered Pockets on Chest (enough to keep cards or keys)and 1 Hidden Pocket Inside.Zippered Hand Pockets and Hidden Pocket keep your things secure. Humanized Design: Adjustable and Detachable Hood and Adjustable cuff to prevent the wind and water,for a comfortable fit. 3 in 1 Detachable Design provide more convenience, you can separate the coat and inner as needed, or wear it together. It is suitable for different season and help you adapt to different climates","category":"women's clothing","image":"https://fakestoreapi.com/img/51Y5NI-I5jL._AC_UX679_.jpg","rating":{"rate":2.6,"count":235}},{"id":14,"title":"Samsung 49-Inch CHG90 144Hz Curved Gaming Monitor (LC49HG90DMNXZA) – Super Ultrawide Screen QLED ","price":999.99,"description":"49 INCH SUPER ULTRAWIDE 32:9 CURVED GAMING MONITOR with dual 27 inch screen side by side QUANTUM DOT (QLED) TECHNOLOGY, HDR support and factory calibration provides stunningly realistic and accurate color and contrast 144HZ HIGH REFRESH RATE and 1ms ultra fast response time work to eliminate motion blur, ghosting, and reduce input lag","category":"electronics","image":"https://fakestoreapi.com/img/81Zt42ioCgL._AC_SX679_.jpg","rating":{"rate":2.2,"count":140}},{"id":13,"title":"Acer SB220Q bi 21.5 inches Full HD (1920 x 1080) IPS Ultra-Thin","price":599,"description":"21. 5 inches Full HD (1920 x 1080) widescreen IPS display And Radeon free Sync technology. No compatibility for VESA Mount Refresh Rate: 75Hz - Using HDMI port Zero-frame design | ultra-thin | 4ms response time | IPS panel Aspect ratio - 16: 9. Color Supported - 16. 7 million colors. Brightness - 250 nit Tilt angle -5 degree to 15 degree. Horizontal viewing angle-178 degree. Vertical viewing angle-178 degree 75 hertz","category":"electronics","image":"https://fakestoreapi.com/img/81QpkIctqPL._AC_SX679_.jpg","rating":{"rate":2.9,"count":250}},{"id":12,"title":"WD 4TB Gaming Drive Works with Playstation 4 Portable External Hard Drive","price":114,"description":"Expand your PS4 gaming experience, Play anywhere Fast and easy, setup Sleek design with high capacity, 3-year manufacturer's limited warranty","category":"electronics","image":"https://fakestoreapi.com/img/61mtL65D4cL._AC_SX679_.jpg","rating":{"rate":4.8,"count":400}},{"id":11,"title":"Silicon Power 256GB SSD 3D NAND A55 SLC Cache Performance Boost SATA III 2.5","price":109,"description":"3D NAND flash are applied to deliver high transfer speeds Remarkable transfer speeds that enable faster bootup and improved overall system performance. The advanced SLC Cache Technology allows performance boost and longer lifespan 7mm slim design suitable for Ultrabooks and Ultra-slim notebooks. Supports TRIM command, Garbage Collection technology, RAID, and ECC (Error Checking &amp; Correction) to provide the optimized performance and enhanced reliability.","category":"electronics","image":"https://fakestoreapi.com/img/71kWymZ+c+L._AC_SX679_.jpg","rating":{"rate":4.8,"count":319}},{"id":10,"title":"SanDisk SSD PLUS 1TB Internal SSD - SATA III 6 Gb/s","price":109,"description":"Easy upgrade for faster boot up, shutdown, application load and response (As compared to 5400 RPM SATA 2.5” hard drive; Based on published specifications and internal benchmarking tests using PCMark vantage scores) Boosts burst write performance, making it ideal for typical PC workloads The perfect balance of performance and reliability Read/write speeds of up to 535MB/s/450MB/s (Based on internal testing; Performance may vary depending upon drive capacity, host device, OS and application.)","category":"electronics","image":"https://fakestoreapi.com/img/61U7T1koQqL._AC_SX679_.jpg","rating":{"rate":2.9,"count":470}},{"id":9,"title":"WD 2TB Elements Portable External Hard Drive - USB 3.0 ","price":64,"description":"USB 3.0 and USB 2.0 Compatibility Fast data transfers Improve PC Performance High Capacity; Compatibility Formatted NTFS for Windows 10, Windows 8.1, Windows 7; Reformatting may be required for other operating systems; Compatibility may vary depending on user’s hardware configuration and operating system","category":"electronics","i
[...]
<var>${payload}</var>
<arg>title=Stylish Bag</arg>
<arg>price="free"</arg>
<arg>description=A trendy bag</arg>
<arg>category=fashion</arg>
<arg>image=https://example.com/bag.jpg</arg>
<doc>Creates and returns a dictionary based on the given ``items``.</doc>
<status status="PASS" start="2024-11-25T15:16:03.417577" elapsed="0.000123"/>
</kw>
<kw name="Post Request" owner="RequestsLibrary">
<msg time="2024-11-25T15:16:03.417785" level="WARN">Keyword 'RequestsLibrary.Post Request' is deprecated. Please use `POST On Session` instead.</msg>
<msg time="2024-11-25T15:16:04.100502" level="INFO">POST Request : url=https://fakestoreapi.com/products 
 path_url=/products 
 headers={'User-Agent': 'python-requests/2.32.3', 'Accept-Encoding': 'gzip, deflate', 'Accept': '*/*', 'Connection': 'keep-alive', 'Content-Type': 'application/json', 'Content-Length': '139'} 
 body=b'{"title": "Stylish Bag", "price": "\\"free\\"", "description": "A trendy bag", "category": "fashion", "image": "https://example.com/bag.jpg"}' 
 </msg>
<msg time="2024-11-25T15:16:04.100806" level="INFO">POST Response : url=https://fakestoreapi.com/products 
 status=200, reason=OK 
 headers={'Date': 'Mon, 25 Nov 2024 08:16:04 GMT', 'Content-Type': 'application/json; charset=utf-8', 'Transfer-Encoding': 'chunked', 'Connection': 'keep-alive', 'access-control-allow-origin': '*', 'etag': 'W/"8a-w/4gdDu9m8Gc5Ru1z6yt1ixVAcE"', 'x-powered-by': 'Express', 'cf-cache-status': 'DYNAMIC', 'Report-To': '{"endpoints":[{"url":"https:\\/\\/a.nel.cloudflare.com\\/report\\/v4?s=jRLJKzW0yx7TUNMLT06pXzFplraxC%2FcYytDZY0TlqNm9J9b5Nz4HcH9U2q13R6e4Q6fP7jfQGSSvPuWgK67fiZblBVR1%2F82GVLrjF1abrnkfryzF2UU5Z4AX9z8KstnjLAZc"}],"group":"cf-nel","max_age":604800}', 'NEL': '{"success_fraction":0,"report_to":"cf-nel","max_age":604800}', 'Server': 'cloudflare', 'CF-RAY': '8e8031c64f30df9f-CGK', 'Content-Encoding': 'gzip', 'alt-svc': 'h3=":443"; ma=86400', 'server-timing': 'cfL4;desc="?proto=TCP&amp;rtt=18140&amp;sent=6&amp;recv=8&amp;lost=0&amp;retrans=0&amp;sent_bytes=2854&amp;recv_bytes=989&amp;delivery_rate=210413&amp;cwnd=252&amp;unsent_bytes=0&amp;cid=f8748482937c2050&amp;ts=640&amp;x=0"'} 
 body={"id":21,"title":"Stylish Bag","price":"\"free\"","description":"A trendy bag","image":"https://example.com/bag.jpg","category":"fashion"} 
 </msg>
<msg time="2024-11-25T15:16:04.100977" level="INFO">/Library/Frameworks/Python.framework/Versions/3.13/lib/python3.13/site-packages/urllib3/connectionpool.py:1099: InsecureRequestWarning: Unverified HTTPS request is being made to host 'fakestoreapi.com'. Adding certificate verification is strongly advised. See: https://urllib3.readthedocs.io/en/latest/advanced-usage.html#tls-warnings
  warnings.warn(</msg>
<msg time="2024-11-25T15:16:04.101597" level="INFO">${response} = &lt;Response [200]&gt;</msg>
<var>${response}</var>
<arg>fake_store</arg>
<arg>${PATH}</arg>
<arg>json=${payload}</arg>
<doc>*DEPRECATED* Please use `POST On Session` instead.</doc>
<status status="PASS" start="2024-11-25T15:16:03.417769" elapsed="0.683895"/>
</kw>
<kw name="Log" owner="BuiltIn">
<msg time="2024-11-25T15:16:04.103507" level="INFO">Response Body: {"id":21,"title":"Stylish Bag","price":"\"free\"","description":"A trendy bag","image":"https://example.com/bag.jpg","category":"fashion"}</msg>
<arg>Response Body: ${response.text}</arg>
<doc>Logs the given message with the given level.</doc>
<status status="PASS" start="2024-11-25T15:16:04.102391" elapsed="0.001215"/>
</kw>
<kw name="Should Be Equal As Numbers" owner="BuiltIn">
<msg time="2024-11-25T15:16:04.104529" level="INFO">Argument types are:
&lt;class 'int'&gt;
&lt;class 'str'&gt;</msg>
<arg>${response.status_code}</arg>
<arg>200</arg>
<doc>Fails if objects are unequal after converting them to real numbers.</doc>
<status status="PASS" start="2024-11-25T15:16:04.103930" elapsed="0.000686"/>
</kw>
<kw name="Should Contain" owner="BuiltIn">
<arg>${response.text}</arg>
<arg>free</arg>
<doc>Fails if ``container`` does not contain ``item`` one or more times.</doc>
<status status="PASS" start="2024-11-25T15:16:04.104843" elapsed="0.000590"/>
</kw>
<doc>Test POST /products with invalid data type for "price".</doc>
<status status="PASS" start="2024-11-25T15:16:03.417106" elapsed="0.688550"/>
</test>
<test id="s1-s5-t4" name="Post Product Boundary Price" line="40">
<kw name="Create Session" owner="RequestsLibrary">
<msg time="2024-11-25T15:16:04.106765" level="INFO">Creating Session using : alias=fake_store, url=https://fakestoreapi.com, headers={'Content-Type': 'application/json'},                     cookies={}, auth=None, timeout=None, proxies=None, verify=False,                     debug=0 </msg>
<arg>fake_store</arg>
<arg>${BASE_URL}</arg>
<arg>headers=${HEADERS}</arg>
<doc>Create Session: create a HTTP session to a server</doc>
<status status="PASS" start="2024-11-25T15:16:04.106457" elapsed="0.000495"/>
</kw>
<kw name="Create Dictionary" owner="BuiltIn">
<msg time="2024-11-25T15:16:04.107364" level="INFO">${payload} = {'title': 'Cheap Pen', 'price': '0.01', 'description': 'A pen that costs almost nothing', 'category': 'office supplies', 'image': 'https://example.com/pen.jpg'}</msg>
<var>${payload}</var>
<arg>title=Cheap Pen</arg>
<arg>price=0.01</arg>
<arg>description=A pen that costs almost nothing</arg>
<arg>category=office supplies</arg>
<arg>image=https://example.com/pen.jpg</arg>
<doc>Creates and returns a dictionary based on the given ``items``.</doc>
<status status="PASS" start="2024-11-25T15:16:04.107131" elapsed="0.000262"/>
</kw>
<kw name="Post Request" owner="RequestsLibrary">
<msg time="2024-11-25T15:16:04.107687" level="WARN">Keyword 'RequestsLibrary.Post Request' is deprecated. Please use `POST On Session` instead.</msg>
<msg time="2024-11-25T15:16:04.415124" level="INFO">POST Request : url=https://fakestoreapi.com/products 
 path_url=/products 
 headers={'User-Agent': 'python-requests/2.32.3', 'Accept-Encoding': 'gzip, deflate', 'Accept': '*/*', 'Connection': 'keep-alive', 'Content-Type': 'application/json', 'Content-Length': '160'} 
 body=b'{"title": "Cheap Pen", "price": "0.01", "description": "A pen that costs almost nothing", "category": "office supplies", "image": "https://example.com/pen.jpg"}' 
 </msg>
<msg time="2024-11-25T15:16:04.415454" level="INFO">POST Response : url=https://fakestoreapi.com/products 
 status=200, reason=OK 
 headers={'Date': 'Mon, 25 Nov 2024 08:16:04 GMT', 'Content-Type': 'application/json; charset=utf-8', 'Transfer-Encoding': 'chunked', 'Connection': 'keep-alive', 'access-control-allow-origin': '*', 'etag': 'W/"9f-QZwFAf8n5/xac6CCl5DS/kY/z80"', 'x-powered-by': 'Express', 'cf-cache-status': 'DYNAMIC', 'Report-To': '{"endpoints":[{"url":"https:\\/\\/a.nel.cloudflare.com\\/report\\/v4?s=1Q0o6Ms%2Ffrr0D6nljC6Y2ECkPoKRrJub%2F2gWBUvFcWh5FZY4vsrZc%2F3%2FGLpRh1I63lFN6UoUwlzNmBni%2BE1GtOUQdJGitYjEJKCu0EhGT2tBd0voJojjR%2FNlIUNQkpJd5eFj"}],"group":"cf-nel","max_age":604800}', 'NEL': '{"success_fraction":0,"report_to":"cf-nel","max_age":604800}', 'Server': 'cloudflare', 'CF-RAY': '8e8031ca9f39df83-CGK', 'Content-Encoding': 'gzip', 'alt-svc': 'h3=":443"; ma=86400', 'server-timing': 'cfL4;desc="?proto=TCP&amp;rtt=18640&amp;sent=5&amp;recv=8&amp;lost=0&amp;retrans=0&amp;sent_bytes=2853&amp;recv_bytes=1010&amp;delivery_rate=194418&amp;cwnd=252&amp;unsent_bytes=0&amp;cid=225fbe81c4e8fcf1&amp;ts=258&amp;x=0"'} 
 body={"id":21,"title":"Cheap Pen","price":"0.01","description":"A pen that costs almost nothing","image":"https://example.com/pen.jpg","category":"office supplies"} 
 </msg>
<msg time="2024-11-25T15:16:04.415659" level="INFO">/Library/Frameworks/Python.framework/Versions/3.13/lib/python3.13/site-packages/urllib3/connectionpool.py:1099: InsecureRequestWarning: Unverified HTTPS request is being made to host 'fakestoreapi.com'. Adding certificate verification is strongly advised. See: https://urllib3.readthedocs.io/en/latest/advanced-usage.html#tls-warnings
  warnings.warn(</msg>
<msg time="2024-11-25T15:16:04.416647" level="INFO">${response} = &lt;Response [200]&gt;</msg>
<var>${response}</var>
<arg>fake_store</arg>
<arg>${PATH}</arg>
<arg>json=${payload}</arg>
<doc>*DEPRECATED* Please use `POST On Session` instead.</doc>
<status status="PASS" start="2024-11-25T15:16:04.107657" elapsed="0.309045"/>
</kw>
<kw name="Log" owner="BuiltIn">
<msg time="2024-11-25T15:16:04.419156" level="INFO">Response Body: {"id":21,"title":"Cheap Pen","price":"0.01","description":"A pen that costs almost nothing","image":"https://example.com/pen.jpg","category":"office supplies"}</msg>
<arg>Response Body: ${response.text}</arg>
<doc>Logs the given message with the given level.</doc>
<status status="PASS" start="2024-11-25T15:16:04.417628" elapsed="0.001623"/>
</kw>
<kw name="Should Be Equal As Numbers" owner="BuiltIn">
<msg time="2024-11-25T15:16:04.420667" level="INFO">Argument types are:
&lt;class 'int'&gt;
&lt;class 'str'&gt;</msg>
<arg>${response.status_code}</arg>
<arg>200</arg>
<doc>Fails if objects are unequal after converting them to real numbers.</doc>
<status status="PASS" start="2024-11-25T15:16:04.419873" elapsed="0.000897"/>
</kw>
<kw name="Should Contain" owner="BuiltIn">
<arg>${response.text}</arg>
<arg>Cheap Pen</arg>
<doc>Fails if ``container`` does not contain ``item`` one or more times.</doc>
<status status="PASS" start="2024-11-25T15:16:04.421091" elapsed="0.000603"/>
</kw>
<doc>Test POST /products with boundary value for price.</doc>
<status status="PASS" start="2024-11-25T15:16:04.106020" elapsed="0.315886"/>
</test>
<doc>Test suite for POST products endpoint of Fake Store API.</doc>
<status status="PASS" start="2024-11-25T15:16:02.414519" elapsed="2.007834"/>
</suite>
<suite id="s1-s6" name="Put Product" source="/Users/bytedance/PycharmProjects/ApertureTest/test/api/service/fakestore/put_product.robot">
<test id="s1-s6-t1" name="Update Product Information Successfully" line="7">
<kw name="Create Session" owner="RequestsLibrary">
<msg time="2024-11-25T15:16:04.428012" level="INFO">Creating Session using : alias=fakestoreapi, url=https://fakestoreapi.com, headers={},                     cookies={}, auth=None, timeout=None, proxies=None, verify=False,                     debug=0 </msg>
<arg>fakestoreapi</arg>
<arg>${BASE_URL}</arg>
<doc>Create Session: create a HTTP session to a server</doc>
<status status="PASS" start="2024-11-25T15:16:04.427863" elapsed="0.000337"/>
</kw>
<kw name="PUT On Session" owner="RequestsLibrary">
<msg time="2024-11-25T15:16:04.724573" level="INFO">PUT Request : url=https://fakestoreapi.com/products/1 
 path_url=/products/1 
 headers={'User-Agent': 'python-requests/2.32.3', 'Accept-Encoding': 'gzip, deflate', 'Accept': '*/*', 'Connection': 'keep-alive', 'Content-Length': '159'} 
 body={"title": "Updated Product", "price": 20.99, "description": "Updated description", "category": "electronics", "image": "https://example.com/updated_image.jpg"} 
 </msg>
<msg time="2024-11-25T15:16:04.724881" level="INFO">PUT Response : url=https://fakestoreapi.com/products/1 
 status=200, reason=OK 
 headers={'Date': 'Mon, 25 Nov 2024 08:16:04 GMT', 'Content-Type': 'application/json; charset=utf-8', 'Content-Length': '8', 'Connection': 'keep-alive', 'access-control-allow-origin': '*', 'etag': 'W/"8-h5EdGu1QmHe4OkjsU292jNzSLfE"', 'x-powered-by': 'Express', 'cf-cache-status': 'DYNAMIC', 'Report-To': '{"endpoints":[{"url":"https:\\/\\/a.nel.cloudflare.com\\/report\\/v4?s=yiA4aukbR62U1mJhMZLHScTfkeSxoJQeApZWfiHLMHneWw2catDpWtEAHzM7Neb62er8CwJqOFp3F7%2BvxQ5yA1t6LG1rrLEWP%2FrCp3DWiU%2FU7OTcxVjd%2BxDKcBUwrIxvQohO"}],"group":"cf-nel","max_age":604800}', 'NEL': '{"success_fraction":0,"report_to":"cf-nel","max_age":604800}', 'Server': 'cloudflare', 'CF-RAY': '8e8031cc996edf83-CGK', 'alt-svc': 'h3=":443"; ma=86400', 'server-timing': 'cfL4;desc="?proto=TCP&amp;rtt=18200&amp;sent=5&amp;recv=8&amp;lost=0&amp;retrans=0&amp;sent_bytes=2853&amp;recv_bytes=978&amp;delivery_rate=228943&amp;cwnd=252&amp;unsent_bytes=0&amp;cid=a0ff92035e46d712&amp;ts=251&amp;x=0"'} 
 body={"id":1} 
 </msg>
<msg time="2024-11-25T15:16:04.725068" level="INFO">/Library/Frameworks/Python.framework/Versions/3.13/lib/python3.13/site-packages/urllib3/connectionpool.py:1099: InsecureRequestWarning: Unverified HTTPS request is being made to host 'fakestoreapi.com'. Adding certificate verification is strongly advised. See: https://urllib3.readthedocs.io/en/latest/advanced-usage.html#tls-warnings
  warnings.warn(</msg>
<msg time="2024-11-25T15:16:04.725423" level="INFO">${response} = &lt;Response [200]&gt;</msg>
<var>${response}</var>
<arg>fakestoreapi</arg>
<arg>${PATH}/${VALID_PRODUCT_ID}</arg>
<arg>${DATA}</arg>
<arg>${HEADERS}</arg>
<doc>Sends a PUT request on a previously created HTTP Session.</doc>
<status status="PASS" start="2024-11-25T15:16:04.428372" elapsed="0.297128"/>
</kw>
<kw name="Should Be Equal As Numbers" owner="BuiltIn">
<msg time="2024-11-25T15:16:04.727136" level="INFO">Argument types are:
&lt;class 'int'&gt;
&lt;class 'str'&gt;</msg>
<arg>${response.status_code}</arg>
<arg>200</arg>
<doc>Fails if objects are unequal after converting them to real numbers.</doc>
<status status="PASS" start="2024-11-25T15:16:04.726166" elapsed="0.001051"/>
</kw>
<kw name="Should Contain" owner="BuiltIn">
<arg>${response.text}</arg>
<arg>${VALID_PRODUCT_ID}</arg>
<doc>Fails if ``container`` does not contain ``item`` one or more times.</doc>
<status status="PASS" start="2024-11-25T15:16:04.727449" elapsed="0.000665"/>
</kw>
<kw name="Log" owner="BuiltIn">
<msg time="2024-11-25T15:16:04.728843" level="INFO">Product updated successfully with status code: 200</msg>
<arg>Product updated successfully with status code: ${response.status_code}</arg>
<doc>Logs the given message with the given level.</doc>
<status status="PASS" start="2024-11-25T15:16:04.728402" elapsed="0.000511"/>
</kw>
<kw name="Log To Console" owner="BuiltIn">
<arg>${response.content}</arg>
<doc>Logs the given message to the console.</doc>
<status status="PASS" start="2024-11-25T15:16:04.729037" elapsed="0.000249"/>
</kw>
<doc>This test case validates the PUT request to update a product's details.</doc>
<status status="PASS" start="2024-11-25T15:16:04.427397" elapsed="0.301966"/>
</test>
<test id="s1-s6-t2" name="Update Non-Existent Product" line="17">
<kw name="Create Session" owner="RequestsLibrary">
<msg time="2024-11-25T15:16:04.729739" level="INFO">Creating Session using : alias=fakestoreapi, url=https://fakestoreapi.com, headers={},                     cookies={}, auth=None, timeout=None, proxies=None, verify=False,                     debug=0 </msg>
<arg>fakestoreapi</arg>
<arg>${BASE_URL}</arg>
<doc>Create Session: create a HTTP session to a server</doc>
<status status="PASS" start="2024-11-25T15:16:04.729675" elapsed="0.000147"/>
</kw>
<kw name="PUT On Session" owner="RequestsLibrary">
<msg time="2024-11-25T15:16:05.026407" level="INFO">PUT Request : url=https://fakestoreapi.com/products/99999 
 path_url=/products/99999 
 headers={'User-Agent': 'python-requests/2.32.3', 'Accept-Encoding': 'gzip, deflate', 'Accept': '*/*', 'Connection': 'keep-alive', 'Content-Length': '177'} 
 body={"title": "Non-Existent Product", "price": 25.99, "description": "This product does not exist", "category": "electronics", "image": "https://example.com/non_existent_image.jpg"} 
 </msg>
<msg time="2024-11-25T15:16:05.026640" level="INFO">PUT Response : url=https://fakestoreapi.com/products/99999 
 status=200, reason=OK 
 headers={'Date': 'Mon, 25 Nov 2024 08:16:05 GMT', 'Content-Type': 'application/json; charset=utf-8', 'Content-Length': '12', 'Connection': 'keep-alive', 'access-control-allow-origin': '*', 'etag': 'W/"c-dVv9WcQx10p+HipGesi7sb1p8d8"', 'x-powered-by': 'Express', 'cf-cache-status': 'DYNAMIC', 'Report-To': '{"endpoints":[{"url":"https:\\/\\/a.nel.cloudflare.com\\/report\\/v4?s=iAWhqgFqOwppsFydPIiJVXF7Z9zBXAyOUYaUu69KWGQRb5TRpW5jxAMhcy2BGjnq5Scy3N8o0o5tJxc7qmyiHXXU0%2FCEFANTZSyfTpb%2FM9YpJDtcxlfsarkLiFCGnr1druN5"}],"group":"cf-nel","max_age":604800}', 'NEL': '{"success_fraction":0,"report_to":"cf-nel","max_age":604800}', 'Server': 'cloudflare', 'CF-RAY': '8e8031ce7819df8b-CGK', 'alt-svc': 'h3=":443"; ma=86400', 'server-timing': 'cfL4;desc="?proto=TCP&amp;rtt=19347&amp;sent=5&amp;recv=8&amp;lost=0&amp;retrans=0&amp;sent_bytes=2854&amp;recv_bytes=1000&amp;delivery_rate=233881&amp;cwnd=251&amp;unsent_bytes=0&amp;cid=49f1f836036ee98c&amp;ts=251&amp;x=0"'} 
 body={"id":99999} 
 </msg>
<msg time="2024-11-25T15:16:05.026846" level="INFO">/Library/Frameworks/Python.framework/Versions/3.13/lib/python3.13/site-packages/urllib3/connectionpool.py:1099: InsecureRequestWarning: Unverified HTTPS request is being made to host 'fakestoreapi.com'. Adding certificate verification is strongly advised. See: https://urllib3.readthedocs.io/en/latest/advanced-usage.html#tls-warnings
  warnings.warn(</msg>
<msg time="2024-11-25T15:16:05.027471" level="INFO">${response} = &lt;Response [200]&gt;</msg>
<var>${response}</var>
<arg>fakestoreapi</arg>
<arg>${PATH}/${INVALID_PRODUCT_ID}</arg>
<arg>${IVALID_DATA}</arg>
<arg>${HEADERS}</arg>
<doc>Sends a PUT request on a previously created HTTP Session.</doc>
<status status="PASS" start="2024-11-25T15:16:04.729896" elapsed="0.297624"/>
</kw>
<kw name="Should Be Equal As Numbers" owner="BuiltIn">
<msg time="2024-11-25T15:16:05.029145" level="INFO">Argument types are:
&lt;class 'int'&gt;
&lt;class 'str'&gt;</msg>
<arg>${response.status_code}</arg>
<arg>200</arg>
<doc>Fails if objects are unequal after converting them to real numbers.</doc>
<status status="PASS" start="2024-11-25T15:16:05.028168" elapsed="0.001084"/>
</kw>
<kw name="Log" owner="BuiltIn">
<msg time="2024-11-25T15:16:05.029960" level="INFO">Attempted to update a non-existent product with status code: 200</msg>
<arg>Attempted to update a non-existent product with status code: ${response.status_code}</arg>
<doc>Logs the given message with the given level.</doc>
<status status="PASS" start="2024-11-25T15:16:05.029641" elapsed="0.000349"/>
</kw>
<kw name="Log To Console" owner="BuiltIn">
<arg>${response.content}</arg>
<doc>Logs the given message to the console.</doc>
<status status="PASS" start="2024-11-25T15:16:05.030091" elapsed="0.000222"/>
</kw>
<doc>This test case validates the PUT request for updating a non-existent product.</doc>
<status status="PASS" start="2024-11-25T15:16:04.729481" elapsed="0.300902"/>
</test>
<status status="PASS" start="2024-11-25T15:16:04.423051" elapsed="0.607477"/>
</suite>
<status status="PASS" start="2024-11-25T15:15:55.784839" elapsed="9.245933"/>
</suite>
<statistics>
<total>
<stat pass="16" fail="0" skip="0">All Tests</stat>
</total>
<tag>
</tag>
<suite>
<stat pass="16" fail="0" skip="0" id="s1" name="Fakestore">Fakestore</stat>
<stat pass="2" fail="0" skip="0" id="s1-s1" name="Delete Product">Fakestore.Delete Product</stat>
<stat pass="4" fail="0" skip="0" id="s1-s2" name="Get Product">Fakestore.Get Product</stat>
<stat pass="2" fail="0" skip="0" id="s1-s3" name="Get Product Category">Fakestore.Get Product Category</stat>
<stat pass="2" fail="0" skip="0" id="s1-s4" name="Get Product Variant">Fakestore.Get Product Variant</stat>
<stat pass="4" fail="0" skip="0" id="s1-s5" name="Post Product">Fakestore.Post Product</stat>
<stat pass="2" fail="0" skip="0" id="s1-s6" name="Put Product">Fakestore.Put Product</stat>
</suite>
</statistics>
<errors>
<msg time="2024-11-25T15:16:02.419241" level="WARN">Keyword 'RequestsLibrary.Post Request' is deprecated. Please use `POST On Session` instead.</msg>
<msg time="2024-11-25T15:16:02.730179" level="WARN">Keyword 'RequestsLibrary.Post Request' is deprecated. Please use `POST On Session` instead.</msg>
<msg time="2024-11-25T15:16:03.417785" level="WARN">Keyword 'RequestsLibrary.Post Request' is deprecated. Please use `POST On Session` instead.</msg>
<msg time="2024-11-25T15:16:04.107687" level="WARN">Keyword 'RequestsLibrary.Post Request' is deprecated. Please use `POST On Session` instead.</msg>
</errors>
</robot>
